#
# A fatal error has been detected by the Java Runtime Environment:
#
#  EXCEPTION_ACCESS_VIOLATION (0xc0000005) at pc=0x000002bb7ae40fc2, pid=25512, tid=15544
#
# JRE version: Java(TM) SE Runtime Environment (21.0.4+8) (build 21.0.4+8-LTS-274)
# Java VM: Java HotSpot(TM) 64-Bit Server VM (21.0.4+8-LTS-274, mixed mode, emulated-client, sharing, tiered, compressed oops, compressed class ptrs, g1 gc, windows-amd64)
# Problematic frame:
# v  ~BufferBlob::MethodHandles adapters 0x000002bb7ae40fc2
#
# No core dump will be written. Minidumps are not enabled by default on client versions of Windows
#
# If you would like to submit a bug report, please visit:
#   https://bugreport.java.com/bugreport/crash.jsp
#

---------------  S U M M A R Y ------------

Command Line: -Dquarkus-internal.serialized-app-model.path=D:\myProgramming\myJavaProgramming\quarkus-restful-example\target\quarkus\bootstrap\dev-app-model.dat -javaagent:D:\maven_repository\io\quarkus\quarkus-class-change-agent\3.17.6\quarkus-class-change-agent-3.17.6.jar -XX:TieredStopAtLevel=1 -agentlib:jdwp=transport=dt_socket,address=localhost:5005,server=y,suspend=n -Djava.util.logging.manager=org.jboss.logmanager.LogManager D:\myProgramming\myJavaProgramming\quarkus-restful-example\target\quarkus-restful-example-dev.jar

Host: 12th Gen Intel(R) Core(TM) i5-12500H, 16 cores, 15G,  Windows 11 , 64 bit Build 26100 (10.0.26100.2454)
Time: Wed Jan 15 18:27:31 2025 SE Asia Standard Time elapsed time: 441.624927 seconds (0d 0h 7m 21s)

---------------  T H R E A D  ---------------

Current thread (0x000002bb4ece2de0):  JavaThread "executor-thread-6" daemon [_thread_in_Java, id=15544, stack(0x000000ce34e00000,0x000000ce34f00000) (1024K)]

Stack: [0x000000ce34e00000,0x000000ce34f00000],  sp=0x000000ce34efe388,  free space=1016k
Native frames: (J=compiled Java code, j=interpreted, Vv=VM code, C=native code)
C  0x000002bb7ae40fc2

The last pc belongs to _linkToVirtual (printed below).

siginfo: EXCEPTION_ACCESS_VIOLATION (0xc0000005), reading address 0xffffffffffffffff


Registers:
RAX=0x000002bb7ae1958b, RBX=0x0024e124d924d100, RCX=0x000000ce34efe398, RDX=0x0000000000000003
RSP=0x000000ce34efe388, RBP=0x000000ce34efe3e0, RSI=0x000002bb4d2ee3f8, RDI=0x000002bb5b610770
R8 =0x0000000000000004, R9 =0x0000000000000004, R10=0x000002bb4fc38a73, R11=0x0000000000000009
R12=0x0000000000000000, R13=0x000000ce34efe388, R14=0x000000ce34efe408, R15=0x000002bb4ece2de0
RIP=0x000002bb7ae40fc2, EFLAGS=0x0000000000010246


Register to memory mapping:

RAX=0x000002bb7ae1958b is at code_begin+4363 in an Interpreter codelet
return entry points  [0x000002bb7ae18480, 0x000002bb7ae1a298]  7704 bytes
RBX=0x0024e124d924d100 is an unknown value
RCX=0x000000ce34efe398 is pointing into the stack for thread: 0x000002bb4ece2de0
RDX=0x0000000000000003 is an unknown value
RSP=0x000000ce34efe388 is pointing into the stack for thread: 0x000002bb4ece2de0
RBP=0x000000ce34efe3e0 is pointing into the stack for thread: 0x000002bb4ece2de0
RSI=0x000002bb4d2ee3f8 points into unknown readable memory: 0x88001700ca5d3dcb | cb 3d 5d ca 00 17 00 88
RDI=0x000002bb5b610770 points into unknown readable memory: 0x0000002000000070 | 70 00 00 00 20 00 00 00
R8 =0x0000000000000004 is an unknown value
R9 =0x0000000000000004 is an unknown value
R10=0x000002bb4fc38a73 points into unknown readable memory: 00 00 00 00 00
R11=0x0000000000000009 is an unknown value
R12=0x0 is null
R13=0x000000ce34efe388 is pointing into the stack for thread: 0x000002bb4ece2de0
R14=0x000000ce34efe408 is pointing into the stack for thread: 0x000002bb4ece2de0
R15=0x000002bb4ece2de0 is a thread

Top of Stack: (sp=0x000000ce34efe388)
0x000000ce34efe388:   000002bb7ae1958b 0000000708fc1420
0x000000ce34efe398:   000000ce34efe398 000002bb48c38a73
0x000000ce34efe3a8:   0000000000000005 000002bb48c38bc0
0x000000ce34efe3b8:   00007ffcecd00249 00000007071d9d90
0x000000ce34efe3c8:   000002bb48c38a80 000000ce34efe388
0x000000ce34efe3d8:   000000ce34efe410 000000ce34efe700
0x000000ce34efe3e8:   000002bb7b53673f 0000000708f62ea8
0x000000ce34efe3f8:   0000000716db7738 0000000708fc1420
0x000000ce34efe408:   0000000708f62e40 0000000708d188d8
0x000000ce34efe418:   000002bb7b10e69e 000002bb0719ffc0
0x000000ce34efe428:   0000000708d188d8 0000000708f62e10
0x000000ce34efe438:   0000000716db7738 0000000708fc1420
0x000000ce34efe448:   0000000708f62f18 0000000708fc1420
0x000000ce34efe458:   0000000708f62ef0 0000000708f62e40
0x000000ce34efe468:   0000000716db7738 000002bb7b53665c
0x000000ce34efe478:   000002bb7ba5bacc 000000ce34efe700
0x000000ce34efe488:   000002bb7b4134cc 0000a10000000000
0x000000ce34efe498:   00007ffceccd9d0c 000002bb4ece2de0
0x000000ce34efe4a8:   000000ce34efe530 000000ce34efe5b0
0x000000ce34efe4b8:   0000000000000000 0000000000000002
0x000000ce34efe4c8:   0000000000000c00 0000000000000000
0x000000ce34efe4d8:   0000000000000000 0000000000000000
0x000000ce34efe4e8:   0000000000000000 0000000000000000
0x000000ce34efe4f8:   00000007091d7910 00000007084bd570
0x000000ce34efe508:   0000000708d188d8 0000000708d188d8
0x000000ce34efe518:   00007ffc00000001 0000000708f62f40
0x000000ce34efe528:   0000000708f62f40 00010101ffffffff
0x000000ce34efe538:   0000000708f62df0 0000000716db7708
0x000000ce34efe548:   0000000708fc1420 000002bb0000005a
0x000000ce34efe558:   0000000000000000 000000ce34efe600
0x000000ce34efe568:   0000000716db7738 0000000708f62e10
0x000000ce34efe578:   00007ffcecad94ba 0000000000000000 

Instructions: (pc=0x000002bb7ae40fc2)
0x000002bb7ae40ec2:   e4 7a bb 02 00 00 00 00 00 00 00 00 00 00 10 ff
0x000002bb7ae40ed2:   00 ed fc 7f 00 00 f0 10 00 00 60 00 00 00 ff ff
0x000002bb7ae40ee2:   ff ff f0 10 00 00 00 00 00 00 00 00 00 00 00 00
0x000002bb7ae40ef2:   00 00 00 00 00 00 00 00 00 00 00 00 00 00 f4 66
0x000002bb7ae40f02:   66 66 0f 1f 84 00 00 00 00 00 66 66 66 90 66 66
0x000002bb7ae40f12:   66 0f 1f 84 00 00 00 00 00 66 66 66 90 90 48 8b
0x000002bb7ae40f22:   53 08 0f b7 52 2e 48 8b 0c d4 8b 59 14 48 c1 e3
0x000002bb7ae40f32:   03 8b 5b 28 48 c1 e3 03 8b 5b 24 48 c1 e3 03 48
0x000002bb7ae40f42:   8b 5b 10 48 85 db 0f 84 10 00 00 00 41 80 bf e0
0x000002bb7ae40f52:   05 00 00 00 74 03 ff 63 38 ff 63 50 e9 9d 16 00
0x000002bb7ae40f62:   00 66 66 66 0f 1f 84 00 00 00 00 00 66 66 66 90
0x000002bb7ae40f72:   66 66 0f 1f 84 00 00 00 00 00 66 66 66 90 48 8b
0x000002bb7ae40f82:   53 08 0f b7 52 2e 48 8b 0c d4 58 5b 50 44 8b 51
0x000002bb7ae40f92:   08 49 bb 00 00 00 07 bb 02 00 00 4d 03 d3 4c 8b
0x000002bb7ae40fa2:   5b 10 4b 8b 9c da c8 01 00 00 48 85 db 0f 84 10
0x000002bb7ae40fb2:   00 00 00 41 80 bf e0 05 00 00 00 74 03 ff 63 38
0x000002bb7ae40fc2:   ff 63 50 e9 36 16 00 00 66 66 66 0f 1f 84 00 00
0x000002bb7ae40fd2:   00 00 00 66 66 66 90 0f 1f 80 00 00 00 00 58 5b
0x000002bb7ae40fe2:   50 8b 5b 24 48 c1 e3 03 48 8b 5b 10 48 85 db 0f
0x000002bb7ae40ff2:   84 10 00 00 00 41 80 bf e0 05 00 00 00 74 03 ff
0x000002bb7ae41002:   63 38 ff 63 50 e9 f4 15 00 00 66 66 66 0f 1f 84
0x000002bb7ae41012:   00 00 00 00 00 66 66 66 90 0f 1f 44 00 00 48 8b
0x000002bb7ae41022:   53 08 0f b7 52 2e 48 8b 0c d4 58 5b 50 48 3b 01
0x000002bb7ae41032:   8b 5b 24 48 c1 e3 03 48 8b 5b 10 48 85 db 0f 84
0x000002bb7ae41042:   10 00 00 00 41 80 bf e0 05 00 00 00 74 03 ff 63
0x000002bb7ae41052:   38 ff 63 50 e9 a5 15 00 00 0f 1f 44 00 00 48 8b
0x000002bb7ae41062:   53 08 0f b7 52 2e 48 8b 0c d4 58 5b 50 44 8b 51
0x000002bb7ae41072:   08 49 bb 00 00 00 07 bb 02 00 00 4d 03 d3 8b 43
0x000002bb7ae41082:   18 48 c1 e0 03 48 8b 40 10 48 8b 5b 10 45 8b 9a
0x000002bb7ae41092:   a0 00 00 00 4f 8d 9c da c8 01 00 00 4d 8d 14 da
0x000002bb7ae410a2:   49 8b 1b 48 3b c3 74 15 48 85 db 0f 84 32 00 00
0x000002bb7ae410b2:   00 49 83 c3 10 49 8b 1b 48 3b c3 75 eb 45 8b 5b 


Stack slot to memory mapping:

stack at sp + 0 slots: 0x000002bb7ae1958b is at code_begin+4363 in an Interpreter codelet
return entry points  [0x000002bb7ae18480, 0x000002bb7ae1a298]  7704 bytes
stack at sp + 1 slots: 0x0000000708fc1420 is an oop: org.codejar.resource.FilmResource 
{0x0000000708fc1420} - klass: 'org/codejar/resource/FilmResource'
 - ---- fields (total size 2 words):
 - 'filmRepository' 'Lorg/codejar/repository/FilmRepository;' @12  a 'org/codejar/repository/FilmRepository_ClientProxy'{0x0000000708e51bc8} (0xe11ca379)
stack at sp + 2 slots: 0x000000ce34efe398 is pointing into the stack for thread: 0x000002bb4ece2de0
stack at sp + 3 slots: 0x000002bb48c38a73 is pointing into metadata
stack at sp + 4 slots: 0x0000000000000005 is an unknown value
stack at sp + 5 slots: 0x000002bb48c38bc0 is pointing into metadata
stack at sp + 6 slots: 0x00007ffcecd00249 jvm.dll
stack at sp + 7 slots: 0x00000007071d9d90 is an oop: java.lang.Class 
{0x00000007071d9d90} - klass: 'java/lang/Class'
 - ---- fields (total size 15 words):
 - private volatile transient 'classRedefinedCount' 'I' @12  0 (0x00000000)
 - injected 'klass' 'J' @16  3002318266368 (0x000002bb081d2000)
 - injected 'array_klass' 'J' @24  0 (0x0000000000000000)
 - injected 'oop_size' 'I' @32  15 (0x0000000f)
 - injected 'static_oop_field_count' 'I' @36  1 (0x00000001)
 - private volatile transient 'cachedConstructor' 'Ljava/lang/reflect/Constructor;' @40  null (0x00000000)
 - private transient 'name' 'Ljava/lang/String;' @44  null (0x00000000)
 - private transient 'module' 'Ljava/lang/Module;' @48  a 'java/lang/Module'{0x0000000704c73528} (0xe098e6a5)
 - private final 'classLoader' 'Ljava/lang/ClassLoader;' @52  null (0x00000000)
 - private transient 'classData' 'Ljava/lang/Object;' @56  a 'java/lang/invoke/LambdaForm'{0x00000007071d9c30} => a 'java/lang/invoke/MemberName'{0x00000007071d9d60} = {method} {0x000002bb48c38a88} 'invokeVirtual' '(Ljava/lang/Object;Ljava/lang/Object;Ljava/lang/Object;)Ljava/lang/Object;' in 'java/lang/invoke/LambdaForm$DMH+0x000002bb081d2000' (0xe0e3b386)
 - private transient 'packageName' 'Ljava/lang/String;' @60  null (0x00000000)
 - private final 'componentType' 'Ljava/lang/Class;' @64  null (0x00000000)
 - private volatile transient 'reflectionData' 'Ljava/lang/ref/SoftReference;' @68  null (0x00000000)
 - private volatile transient 'genericInfo' 'Lsun/reflect/generics/repository/ClassRepository;' @72  null (0x00000000)
 - private volatile transient 'enumConstants' '[Ljava/lang/Object;' @76  null (0x00000000)
 - private volatile transient 'enumConstantDirectory' 'Ljava/util/Map;' @80  null (0x00000000)
 - private volatile transient 'annotationData' 'Ljava/lang/Class$AnnotationData;' @84  null (0x00000000)
 - private volatile transient 'annotationType' 'Lsun/reflect/annotation/AnnotationType;' @88  null (0x00000000)
 - transient 'classValueMap' 'Ljava/lang/ClassValue$ClassValueMap;' @92  null (0x00000000)
 - injected 'protection_domain' 'Ljava/lang/Object;' @96  null (0x00000000)
 - injected 'signers_name' 'Ljava/lang/Object;' @100  null (0x00000000)
 - injected 'source_file' 'Ljava/lang/Object;' @104  null (0x00000000)
 - signature: Ljava/lang/invoke/LambdaForm$DMH+0x000002bb081d2000;
 - ---- static fields (1):
 - static final '_D_0' 'Ljava/lang/invoke/LambdaForm;' @112  a 'java/lang/invoke/LambdaForm'{0x00000007071d9c30} => a 'java/lang/invoke/MemberName'{0x00000007071d9d60} = {method} {0x000002bb48c38a88} 'invokeVirtual' '(Ljava/lang/Object;Ljava/lang/Object;Ljava/lang/Object;)Ljava/lang/Object;' in 'java/lang/invoke/LambdaForm$DMH+0x000002bb081d2000' (0xe0e3b386)

MethodHandle::interpreter_entry::_linkToVirtual [0x000002bb7ae40f63, 0x000002bb7ae40fca] (103 bytes)
[MachCode]
  0x000002bb7ae40f63: 6666 660f | 1f84 0000 | 0000 0066 | 6666 9066 | 660f 1f84 | 0000 0000 | 0066 6666 | 9048 8b53 
  0x000002bb7ae40f83: 080f b752 | 2e48 8b0c | d458 5b50 | 448b 5108 | 49bb 0000 | 0007 bb02 | 0000 4d03 | d34c 8b5b 
  0x000002bb7ae40fa3: 104b 8b9c | dac8 0100 | 0048 85db | 0f84 1000 | 0000 4180 | bfe0 0500 | 0000 7403 | ff63 38ff 
  0x000002bb7ae40fc3: 6350 e936 | 
[/MachCode]

---------------  P R O C E S S  ---------------

Threads class SMR info:
_java_thread_list=0x000002bb567a8d20, length=43, elements={
0x000002bb06b5ff70, 0x000002bb06b62be0, 0x000002bb06b67cc0, 0x000002bb06b69990,
0x000002bb06b6c140, 0x000002bb06b71b90, 0x000002bb06b72540, 0x000002bb4c0b3250,
0x000002bb4c76bf00, 0x000002bb4c7706b0, 0x000002bb4c7d52a0, 0x000002bb4dc00480,
0x000002bb4c1a6f20, 0x000002bb4dc81db0, 0x000002bb4dcd1fd0, 0x000002bb4dd043d0,
0x000002bb4dd04a40, 0x000002bb4dd55440, 0x000002bb4dd5cc40, 0x000002bb4dd5c5b0,
0x000002bb4dd5d2d0, 0x000002bb4ece4190, 0x000002bb4ece2750, 0x000002bb4ece3470,
0x000002bb4fd5e520, 0x000002bb4fd5d170, 0x000002bb4fd5d800, 0x000002bb4fd5ebb0,
0x000002bb4fd5f240, 0x000002bb4fd5cae0, 0x000002bb4ecde5b0, 0x000002bb4ece20c0,
0x000002bb4ece0d10, 0x000002bb4ecdec40, 0x000002bb4ecdf2d0, 0x000002bb4ecdf960,
0x000002bb4ecdfff0, 0x000002bb4ecddf20, 0x000002bb558516d0, 0x000002bb55856590,
0x000002bb4ece2de0, 0x000002bb4fd619a0, 0x000002bb4fd605f0
}

Java Threads: ( => current thread )
  0x000002bb06b5ff70 JavaThread "Reference Handler"          daemon [_thread_blocked, id=17236, stack(0x000000ce34000000,0x000000ce34100000) (1024K)]
  0x000002bb06b62be0 JavaThread "Finalizer"                  daemon [_thread_blocked, id=19396, stack(0x000000ce34100000,0x000000ce34200000) (1024K)]
  0x000002bb06b67cc0 JavaThread "Signal Dispatcher"          daemon [_thread_blocked, id=4348, stack(0x000000ce34200000,0x000000ce34300000) (1024K)]
  0x000002bb06b69990 JavaThread "Attach Listener"            daemon [_thread_blocked, id=19452, stack(0x000000ce34300000,0x000000ce34400000) (1024K)]
  0x000002bb06b6c140 JavaThread "Service Thread"             daemon [_thread_blocked, id=1420, stack(0x000000ce34400000,0x000000ce34500000) (1024K)]
  0x000002bb06b71b90 JavaThread "Monitor Deflation Thread"   daemon [_thread_blocked, id=10528, stack(0x000000ce34500000,0x000000ce34600000) (1024K)]
  0x000002bb06b72540 JavaThread "C1 CompilerThread0"         daemon [_thread_blocked, id=4328, stack(0x000000ce34600000,0x000000ce34700000) (1024K)]
  0x000002bb4c0b3250 JavaThread "Common-Cleaner"             daemon [_thread_blocked, id=9840, stack(0x000000ce34800000,0x000000ce34900000) (1024K)]
  0x000002bb4c76bf00 JavaThread "JDWP Event Helper Thread"   daemon [_thread_blocked, id=19824, stack(0x000000ce34b00000,0x000000ce34c00000) (1024K)]
  0x000002bb4c7706b0 JavaThread "Notification Thread"        daemon [_thread_blocked, id=24508, stack(0x000000ce34c00000,0x000000ce34d00000) (1024K)]
  0x000002bb4c7d52a0 JavaThread "Reference Reaper #1"        daemon [_thread_blocked, id=6220, stack(0x000000ce34d00000,0x000000ce34e00000) (1024K)]
  0x000002bb4dc00480 JavaThread "Quarkus Devmode keep alive thread"        [_thread_blocked, id=13468, stack(0x000000ce35f00000,0x000000ce36000000) (1024K)]
  0x000002bb4c1a6f20 JavaThread "ForkJoinPool.commonPool-worker-1" daemon [_thread_blocked, id=10832, stack(0x000000ce36000000,0x000000ce36100000) (1024K)]
  0x000002bb4dc81db0 JavaThread "ForkJoinPool.commonPool-worker-2" daemon [_thread_blocked, id=4148, stack(0x000000ce36100000,0x000000ce36200000) (1024K)]
  0x000002bb4dcd1fd0 JavaThread "ForkJoinPool.commonPool-worker-3" daemon [_thread_blocked, id=10004, stack(0x000000ce36200000,0x000000ce36300000) (1024K)]
  0x000002bb4dd043d0 JavaThread "ForkJoinPool.commonPool-worker-4" daemon [_thread_blocked, id=24584, stack(0x000000ce36300000,0x000000ce36400000) (1024K)]
  0x000002bb4dd04a40 JavaThread "ForkJoinPool.commonPool-worker-5" daemon [_thread_blocked, id=6760, stack(0x000000ce36400000,0x000000ce36500000) (1024K)]
  0x000002bb4dd55440 JavaThread "ForkJoinPool.commonPool-worker-6" daemon [_thread_blocked, id=25508, stack(0x000000ce36500000,0x000000ce36600000) (1024K)]
  0x000002bb4dd5cc40 JavaThread "ForkJoinPool.commonPool-worker-7" daemon [_thread_blocked, id=23832, stack(0x000000ce36600000,0x000000ce36700000) (1024K)]
  0x000002bb4dd5c5b0 JavaThread "ForkJoinPool.commonPool-worker-9" daemon [_thread_blocked, id=12052, stack(0x000000ce36700000,0x000000ce36800000) (1024K)]
  0x000002bb4dd5d2d0 JavaThread "ForkJoinPool.commonPool-worker-8" daemon [_thread_blocked, id=9836, stack(0x000000ce36800000,0x000000ce36900000) (1024K)]
  0x000002bb4ece4190 JavaThread "mysql-cj-abandoned-connection-cleanup" daemon [_thread_blocked, id=21408, stack(0x000000ce3b800000,0x000000ce3b900000) (1024K)]
  0x000002bb4ece2750 JavaThread "WindowsStreamPump"          daemon [_thread_in_native, id=24896, stack(0x000000ce3b900000,0x000000ce3ba00000) (1024K)]
  0x000002bb4ece3470 JavaThread "Aesh InputStream Reader"    daemon [_thread_blocked, id=25156, stack(0x000000ce3ba00000,0x000000ce3bb00000) (1024K)]
  0x000002bb4fd5e520 JavaThread "ForkJoinPool.commonPool-worker-11" daemon [_thread_blocked, id=9176, stack(0x000000ce37000000,0x000000ce37100000) (1024K)]
  0x000002bb4fd5d170 JavaThread "ForkJoinPool.commonPool-worker-12" daemon [_thread_blocked, id=19916, stack(0x000000ce37100000,0x000000ce37200000) (1024K)]
  0x000002bb4fd5d800 JavaThread "ForkJoinPool.commonPool-worker-13" daemon [_thread_blocked, id=3984, stack(0x000000ce37200000,0x000000ce37300000) (1024K)]
  0x000002bb4fd5ebb0 JavaThread "ForkJoinPool.commonPool-worker-14" daemon [_thread_blocked, id=10688, stack(0x000000ce37300000,0x000000ce37400000) (1024K)]
  0x000002bb4fd5f240 JavaThread "ForkJoinPool.commonPool-worker-15" daemon [_thread_blocked, id=25276, stack(0x000000ce37400000,0x000000ce37500000) (1024K)]
  0x000002bb4fd5cae0 JavaThread "Quarkus Main Thread"               [_thread_blocked, id=3204, stack(0x000000ce37500000,0x000000ce37600000) (1024K)]
  0x000002bb4ecde5b0 JavaThread "vertx-blocked-thread-checker" daemon [_thread_blocked, id=10408, stack(0x000000ce37700000,0x000000ce37800000) (1024K)]
  0x000002bb4ece20c0 JavaThread "agroal-11"                  daemon [_thread_blocked, id=8596, stack(0x000000ce37900000,0x000000ce37a00000) (1024K)]
  0x000002bb4ece0d10 JavaThread "vert.x-eventloop-thread-0"         [_thread_in_native, id=21388, stack(0x000000ce37a00000,0x000000ce37b00000) (1024K)]
  0x000002bb4ecdec40 JavaThread "vert.x-eventloop-thread-1"         [_thread_in_native, id=13700, stack(0x000000ce37b00000,0x000000ce37c00000) (1024K)]
  0x000002bb4ecdf2d0 JavaThread "vert.x-acceptor-thread-0"          [_thread_in_native, id=24408, stack(0x000000ce37c00000,0x000000ce37d00000) (1024K)]
  0x000002bb4ecdf960 JavaThread "vert.x-eventloop-thread-2"         [_thread_in_native, id=21344, stack(0x000000ce37800000,0x000000ce37900000) (1024K)]
  0x000002bb4ecdfff0 JavaThread "DestroyJavaVM"                     [_thread_blocked, id=20948, stack(0x000000ce33800000,0x000000ce33900000) (1024K)]
  0x000002bb4ecddf20 JavaThread "vert.x-worker-thread-1"            [_thread_blocked, id=10992, stack(0x000000ce37d00000,0x000000ce37e00000) (1024K)]
  0x000002bb558516d0 JavaThread "Test Compile Timer"         daemon [_thread_blocked, id=11584, stack(0x000000ce35a00000,0x000000ce35b00000) (1024K)]
  0x000002bb55856590 JavaThread "vert.x-worker-thread-2"            [_thread_blocked, id=1764, stack(0x000000ce33600000,0x000000ce33700000) (1024K)]
=>0x000002bb4ece2de0 JavaThread "executor-thread-6"          daemon [_thread_in_Java, id=15544, stack(0x000000ce34e00000,0x000000ce34f00000) (1024K)]
  0x000002bb4fd619a0 JavaThread "JDWP Transport Listener: dt_socket" daemon [_thread_blocked, id=25304, stack(0x000000ce33500000,0x000000ce33600000) (1024K)]
  0x000002bb4fd605f0 JavaThread "JDWP Command Reader"        daemon [_thread_in_native, id=25484, stack(0x000000ce34700000,0x000000ce34800000) (1024K)]
Total: 43

Other Threads:
  0x000002bb06b3c130 VMThread "VM Thread"                           [id=17100, stack(0x000000ce33f00000,0x000000ce34000000) (1024K)]
  0x000002bb06b22480 WatcherThread "VM Periodic Task Thread"        [id=20692, stack(0x000000ce33e00000,0x000000ce33f00000) (1024K)]
  0x000002bb7293ee40 WorkerThread "GC Thread#0"                     [id=19836, stack(0x000000ce33900000,0x000000ce33a00000) (1024K)]
  0x000002bb4c8b18c0 WorkerThread "GC Thread#1"                     [id=23760, stack(0x000000ce35200000,0x000000ce35300000) (1024K)]
  0x000002bb4c8b1c60 WorkerThread "GC Thread#2"                     [id=9684, stack(0x000000ce35300000,0x000000ce35400000) (1024K)]
  0x000002bb4c8b2000 WorkerThread "GC Thread#3"                     [id=23272, stack(0x000000ce35400000,0x000000ce35500000) (1024K)]
  0x000002bb4c8b23a0 WorkerThread "GC Thread#4"                     [id=22952, stack(0x000000ce35500000,0x000000ce35600000) (1024K)]
  0x000002bb4c8b2740 WorkerThread "GC Thread#5"                     [id=25544, stack(0x000000ce35600000,0x000000ce35700000) (1024K)]
  0x000002bb4c9d7a40 WorkerThread "GC Thread#6"                     [id=3224, stack(0x000000ce35700000,0x000000ce35800000) (1024K)]
  0x000002bb4ddb89e0 WorkerThread "GC Thread#7"                     [id=24208, stack(0x000000ce36900000,0x000000ce36a00000) (1024K)]
  0x000002bb4ddb8d80 WorkerThread "GC Thread#8"                     [id=17420, stack(0x000000ce36a00000,0x000000ce36b00000) (1024K)]
  0x000002bb4ddb8640 WorkerThread "GC Thread#9"                     [id=7340, stack(0x000000ce36b00000,0x000000ce36c00000) (1024K)]
  0x000002bb4e1ee790 WorkerThread "GC Thread#10"                    [id=6540, stack(0x000000ce36c00000,0x000000ce36d00000) (1024K)]
  0x000002bb4e1ed570 WorkerThread "GC Thread#11"                    [id=2688, stack(0x000000ce36d00000,0x000000ce36e00000) (1024K)]
  0x000002bb4e1f00f0 WorkerThread "GC Thread#12"                    [id=7344, stack(0x000000ce36e00000,0x000000ce36f00000) (1024K)]
  0x000002bb7294f9a0 ConcurrentGCThread "G1 Main Marker"            [id=22516, stack(0x000000ce33a00000,0x000000ce33b00000) (1024K)]
  0x000002bb72951ac0 WorkerThread "G1 Conc#0"                       [id=2580, stack(0x000000ce33b00000,0x000000ce33c00000) (1024K)]
  0x000002bb4ca18f10 WorkerThread "G1 Conc#1"                       [id=20888, stack(0x000000ce35d00000,0x000000ce35e00000) (1024K)]
  0x000002bb4c8b2ae0 WorkerThread "G1 Conc#2"                       [id=24056, stack(0x000000ce35e00000,0x000000ce35f00000) (1024K)]
  0x000002bb069e5610 ConcurrentGCThread "G1 Refine#0"               [id=21276, stack(0x000000ce33c00000,0x000000ce33d00000) (1024K)]
  0x000002bb069e6020 ConcurrentGCThread "G1 Service"                [id=20840, stack(0x000000ce33d00000,0x000000ce33e00000) (1024K)]
Total: 21

Threads with active compile tasks:
Total: 0

VM state: not at safepoint (normal execution)

VM Mutex/Monitor currently owned by a thread: None

Heap address: 0x0000000704800000, size: 4024 MB, Compressed Oops mode: Zero based, Oop shift amount: 3

CDS archive(s) mapped at: [0x000002bb07000000-0x000002bb07c90000-0x000002bb07c90000), size 13172736, SharedBaseAddress: 0x000002bb07000000, ArchiveRelocationMode: 1.
Compressed class space mapped at: 0x000002bb08000000-0x000002bb48000000, reserved size: 1073741824
Narrow klass base: 0x000002bb07000000, Narrow klass shift: 0, Narrow klass range: 0x100000000

GC Precious Log:
 CardTable entry size: 512
 Card Set container configuration: InlinePtr #cards 4 size 8 Array Of Cards #cards 16 size 48 Howl #buckets 8 coarsen threshold 3686 Howl Bitmap #cards 512 size 80 coarsen threshold 460 Card regions per heap region 1 cards per card region 4096
 CPUs: 16 total, 16 available
 Memory: 16088M
 Large Page Support: Disabled
 NUMA Support: Disabled
 Compressed Oops: Enabled (Zero based)
 Heap Region Size: 2M
 Heap Min Capacity: 8M
 Heap Initial Capacity: 252M
 Heap Max Capacity: 4024M
 Pre-touch: Disabled
 Parallel Workers: 13
 Concurrent Workers: 3
 Concurrent Refinement Workers: 13
 Periodic GC: Disabled

Heap:
 garbage-first heap   total 313344K, used 165375K [0x0000000704800000, 0x0000000800000000)
  region size 2048K, 9 young (18432K), 3 survivors (6144K)
 Metaspace       used 190692K, committed 194816K, reserved 1245184K
  class space    used 26311K, committed 28096K, reserved 1048576K

Heap Regions: E=young(eden), S=young(survivor), O=old, HS=humongous(starts), HC=humongous(continues), CS=collection set, F=free, TAMS=top-at-mark-start, PB=parsable bottom
|   0|0x0000000704800000, 0x0000000704a00000, 0x0000000704a00000|100%| O|  |TAMS 0x0000000704800000| PB 0x0000000704800000| Untracked 
|   1|0x0000000704a00000, 0x0000000704c00000, 0x0000000704c00000|100%| O|  |TAMS 0x0000000704a00000| PB 0x0000000704a00000| Untracked 
|   2|0x0000000704c00000, 0x0000000704e00000, 0x0000000704e00000|100%| O|  |TAMS 0x0000000704c00000| PB 0x0000000704c00000| Untracked 
|   3|0x0000000704e00000, 0x0000000705000000, 0x0000000705000000|100%| O|  |TAMS 0x0000000704e00000| PB 0x0000000704e00000| Untracked 
|   4|0x0000000705000000, 0x0000000705200000, 0x0000000705200000|100%| O|  |TAMS 0x0000000705000000| PB 0x0000000705000000| Untracked 
|   5|0x0000000705200000, 0x0000000705400000, 0x0000000705400000|100%| O|  |TAMS 0x0000000705200000| PB 0x0000000705200000| Untracked 
|   6|0x0000000705400000, 0x0000000705600000, 0x0000000705600000|100%| O|  |TAMS 0x0000000705400000| PB 0x0000000705400000| Untracked 
|   7|0x0000000705600000, 0x0000000705800000, 0x0000000705800000|100%| O|  |TAMS 0x0000000705600000| PB 0x0000000705600000| Untracked 
|   8|0x0000000705800000, 0x0000000705a00000, 0x0000000705a00000|100%| O|  |TAMS 0x0000000705800000| PB 0x0000000705800000| Untracked 
|   9|0x0000000705a00000, 0x0000000705c00000, 0x0000000705c00000|100%|HS|  |TAMS 0x0000000705a00000| PB 0x0000000705a00000| Complete 
|  10|0x0000000705c00000, 0x0000000705e00000, 0x0000000705e00000|100%| O|  |TAMS 0x0000000705c00000| PB 0x0000000705c00000| Untracked 
|  11|0x0000000705e00000, 0x0000000706000000, 0x0000000706000000|100%| O|  |TAMS 0x0000000705e00000| PB 0x0000000705e00000| Untracked 
|  12|0x0000000706000000, 0x0000000706200000, 0x0000000706200000|100%| O|  |TAMS 0x0000000706000000| PB 0x0000000706000000| Untracked 
|  13|0x0000000706200000, 0x0000000706400000, 0x0000000706400000|100%| O|Cm|TAMS 0x0000000706200000| PB 0x0000000706200000| Complete 
|  14|0x0000000706400000, 0x0000000706600000, 0x0000000706600000|100%| O|  |TAMS 0x0000000706400000| PB 0x0000000706400000| Untracked 
|  15|0x0000000706600000, 0x0000000706800000, 0x0000000706800000|100%| O|  |TAMS 0x0000000706600000| PB 0x0000000706600000| Untracked 
|  16|0x0000000706800000, 0x0000000706a00000, 0x0000000706a00000|100%| O|  |TAMS 0x0000000706800000| PB 0x0000000706800000| Untracked 
|  17|0x0000000706a00000, 0x0000000706c00000, 0x0000000706c00000|100%| O|  |TAMS 0x0000000706a00000| PB 0x0000000706a00000| Untracked 
|  18|0x0000000706c00000, 0x0000000706e00000, 0x0000000706e00000|100%| O|  |TAMS 0x0000000706c00000| PB 0x0000000706c00000| Untracked 
|  19|0x0000000706e00000, 0x0000000707000000, 0x0000000707000000|100%| O|  |TAMS 0x0000000706e00000| PB 0x0000000706e00000| Untracked 
|  20|0x0000000707000000, 0x0000000707200000, 0x0000000707200000|100%| O|  |TAMS 0x0000000707000000| PB 0x0000000707000000| Untracked 
|  21|0x0000000707200000, 0x0000000707400000, 0x0000000707400000|100%| O|Cm|TAMS 0x0000000707200000| PB 0x0000000707200000| Complete 
|  22|0x0000000707400000, 0x0000000707600000, 0x0000000707600000|100%| O|  |TAMS 0x0000000707400000| PB 0x0000000707400000| Untracked 
|  23|0x0000000707600000, 0x0000000707800000, 0x0000000707800000|100%| O|  |TAMS 0x0000000707600000| PB 0x0000000707600000| Untracked 
|  24|0x0000000707800000, 0x0000000707a00000, 0x0000000707a00000|100%| O|  |TAMS 0x0000000707800000| PB 0x0000000707800000| Untracked 
|  25|0x0000000707a00000, 0x0000000707c00000, 0x0000000707c00000|100%| O|  |TAMS 0x0000000707a00000| PB 0x0000000707a00000| Untracked 
|  26|0x0000000707c00000, 0x0000000707e00000, 0x0000000707e00000|100%| O|Cm|TAMS 0x0000000707c00000| PB 0x0000000707c00000| Complete 
|  27|0x0000000707e00000, 0x0000000708000000, 0x0000000708000000|100%| O|  |TAMS 0x0000000707e00000| PB 0x0000000707e00000| Untracked 
|  28|0x0000000708000000, 0x0000000708200000, 0x0000000708200000|100%| O|  |TAMS 0x0000000708000000| PB 0x0000000708000000| Untracked 
|  29|0x0000000708200000, 0x0000000708400000, 0x0000000708400000|100%| O|  |TAMS 0x0000000708200000| PB 0x0000000708200000| Untracked 
|  30|0x0000000708400000, 0x0000000708600000, 0x0000000708600000|100%| O|  |TAMS 0x0000000708400000| PB 0x0000000708400000| Untracked 
|  31|0x0000000708600000, 0x0000000708800000, 0x0000000708800000|100%| O|  |TAMS 0x0000000708600000| PB 0x0000000708600000| Untracked 
|  32|0x0000000708800000, 0x0000000708a00000, 0x0000000708a00000|100%| O|Cm|TAMS 0x0000000708800000| PB 0x0000000708800000| Complete 
|  33|0x0000000708a00000, 0x0000000708c00000, 0x0000000708c00000|100%| O|  |TAMS 0x0000000708a00000| PB 0x0000000708a00000| Untracked 
|  34|0x0000000708c00000, 0x0000000708e00000, 0x0000000708e00000|100%| O|Cm|TAMS 0x0000000708c00000| PB 0x0000000708c00000| Complete 
|  35|0x0000000708e00000, 0x0000000709000000, 0x0000000709000000|100%| O|  |TAMS 0x0000000708e00000| PB 0x0000000708e00000| Untracked 
|  36|0x0000000709000000, 0x0000000709200000, 0x0000000709200000|100%| O|  |TAMS 0x0000000709000000| PB 0x0000000709000000| Untracked 
|  37|0x0000000709200000, 0x0000000709400000, 0x0000000709400000|100%| O|  |TAMS 0x0000000709200000| PB 0x0000000709200000| Untracked 
|  38|0x0000000709400000, 0x0000000709600000, 0x0000000709600000|100%| O|  |TAMS 0x0000000709400000| PB 0x0000000709400000| Untracked 
|  39|0x0000000709600000, 0x0000000709800000, 0x0000000709800000|100%| O|  |TAMS 0x0000000709600000| PB 0x0000000709600000| Untracked 
|  40|0x0000000709800000, 0x0000000709a00000, 0x0000000709a00000|100%| O|  |TAMS 0x0000000709800000| PB 0x0000000709800000| Untracked 
|  41|0x0000000709a00000, 0x0000000709c00000, 0x0000000709c00000|100%| O|  |TAMS 0x0000000709a00000| PB 0x0000000709a00000| Untracked 
|  42|0x0000000709c00000, 0x0000000709caa2a0, 0x0000000709e00000| 33%| O|  |TAMS 0x0000000709c00000| PB 0x0000000709c00000| Untracked 
|  43|0x0000000709e00000, 0x000000070a000000, 0x000000070a000000|100%| O|  |TAMS 0x0000000709e00000| PB 0x0000000709e00000| Untracked 
|  44|0x000000070a000000, 0x000000070a200000, 0x000000070a200000|100%| O|  |TAMS 0x000000070a000000| PB 0x000000070a000000| Untracked 
|  45|0x000000070a200000, 0x000000070a400000, 0x000000070a400000|100%| O|  |TAMS 0x000000070a200000| PB 0x000000070a200000| Untracked 
|  46|0x000000070a400000, 0x000000070a600000, 0x000000070a600000|100%| O|  |TAMS 0x000000070a400000| PB 0x000000070a400000| Untracked 
|  47|0x000000070a600000, 0x000000070a800000, 0x000000070a800000|100%| O|  |TAMS 0x000000070a600000| PB 0x000000070a600000| Untracked 
|  48|0x000000070a800000, 0x000000070aa00000, 0x000000070aa00000|100%| O|  |TAMS 0x000000070a800000| PB 0x000000070a800000| Untracked 
|  49|0x000000070aa00000, 0x000000070ac00000, 0x000000070ac00000|100%|HS|  |TAMS 0x000000070aa00000| PB 0x000000070aa00000| Complete 
|  50|0x000000070ac00000, 0x000000070ae00000, 0x000000070ae00000|100%| O|  |TAMS 0x000000070ac00000| PB 0x000000070ac00000| Untracked 
|  51|0x000000070ae00000, 0x000000070b000000, 0x000000070b000000|100%| O|  |TAMS 0x000000070ae00000| PB 0x000000070ae00000| Untracked 
|  52|0x000000070b000000, 0x000000070b200000, 0x000000070b200000|100%| O|  |TAMS 0x000000070b000000| PB 0x000000070b000000| Untracked 
|  53|0x000000070b200000, 0x000000070b400000, 0x000000070b400000|100%| O|  |TAMS 0x000000070b200000| PB 0x000000070b200000| Untracked 
|  54|0x000000070b400000, 0x000000070b600000, 0x000000070b600000|100%| O|  |TAMS 0x000000070b400000| PB 0x000000070b400000| Untracked 
|  55|0x000000070b600000, 0x000000070b800000, 0x000000070b800000|100%| O|  |TAMS 0x000000070b600000| PB 0x000000070b600000| Untracked 
|  56|0x000000070b800000, 0x000000070ba00000, 0x000000070ba00000|100%|HS|  |TAMS 0x000000070b800000| PB 0x000000070b800000| Complete 
|  57|0x000000070ba00000, 0x000000070bc00000, 0x000000070bc00000|100%|HS|  |TAMS 0x000000070ba00000| PB 0x000000070ba00000| Complete 
|  58|0x000000070bc00000, 0x000000070bc00000, 0x000000070be00000|  0%| F|  |TAMS 0x000000070bc00000| PB 0x000000070bc00000| Untracked 
|  59|0x000000070be00000, 0x000000070c000000, 0x000000070c000000|100%| O|Cm|TAMS 0x000000070be00000| PB 0x000000070be00000| Complete 
|  60|0x000000070c000000, 0x000000070c200000, 0x000000070c200000|100%| O|Cm|TAMS 0x000000070c000000| PB 0x000000070c000000| Complete 
|  61|0x000000070c200000, 0x000000070c400000, 0x000000070c400000|100%| O|Cm|TAMS 0x000000070c200000| PB 0x000000070c200000| Complete 
|  62|0x000000070c400000, 0x000000070c600000, 0x000000070c600000|100%| O|Cm|TAMS 0x000000070c400000| PB 0x000000070c400000| Complete 
|  63|0x000000070c600000, 0x000000070c800000, 0x000000070c800000|100%| O|  |TAMS 0x000000070c600000| PB 0x000000070c600000| Untracked 
|  64|0x000000070c800000, 0x000000070ca00000, 0x000000070ca00000|100%| O|  |TAMS 0x000000070c800000| PB 0x000000070c800000| Untracked 
|  65|0x000000070ca00000, 0x000000070cc00000, 0x000000070cc00000|100%| O|  |TAMS 0x000000070ca00000| PB 0x000000070ca00000| Untracked 
|  66|0x000000070cc00000, 0x000000070ce00000, 0x000000070ce00000|100%| O|  |TAMS 0x000000070cc00000| PB 0x000000070cc00000| Untracked 
|  67|0x000000070ce00000, 0x000000070d000000, 0x000000070d000000|100%| O|  |TAMS 0x000000070ce00000| PB 0x000000070ce00000| Untracked 
|  68|0x000000070d000000, 0x000000070d200000, 0x000000070d200000|100%| O|  |TAMS 0x000000070d000000| PB 0x000000070d000000| Untracked 
|  69|0x000000070d200000, 0x000000070d400000, 0x000000070d400000|100%| O|  |TAMS 0x000000070d200000| PB 0x000000070d200000| Untracked 
|  70|0x000000070d400000, 0x000000070d600000, 0x000000070d600000|100%| O|  |TAMS 0x000000070d400000| PB 0x000000070d400000| Untracked 
|  71|0x000000070d600000, 0x000000070d800000, 0x000000070d800000|100%| O|Cm|TAMS 0x000000070d600000| PB 0x000000070d600000| Complete 
|  72|0x000000070d800000, 0x000000070d800000, 0x000000070da00000|  0%| F|  |TAMS 0x000000070d800000| PB 0x000000070d800000| Untracked 
|  73|0x000000070da00000, 0x000000070da00000, 0x000000070dc00000|  0%| F|  |TAMS 0x000000070da00000| PB 0x000000070da00000| Untracked 
|  74|0x000000070dc00000, 0x000000070dc00000, 0x000000070de00000|  0%| F|  |TAMS 0x000000070dc00000| PB 0x000000070dc00000| Untracked 
|  75|0x000000070de00000, 0x000000070de00000, 0x000000070e000000|  0%| F|  |TAMS 0x000000070de00000| PB 0x000000070de00000| Untracked 
|  76|0x000000070e000000, 0x000000070e000000, 0x000000070e200000|  0%| F|  |TAMS 0x000000070e000000| PB 0x000000070e000000| Untracked 
|  77|0x000000070e200000, 0x000000070e400000, 0x000000070e400000|100%| O|Cm|TAMS 0x000000070e200000| PB 0x000000070e200000| Complete 
|  78|0x000000070e400000, 0x000000070e600000, 0x000000070e600000|100%| O|Cm|TAMS 0x000000070e400000| PB 0x000000070e400000| Complete 
|  79|0x000000070e600000, 0x000000070e800000, 0x000000070e800000|100%| O|  |TAMS 0x000000070e600000| PB 0x000000070e600000| Untracked 
|  80|0x000000070e800000, 0x000000070e800000, 0x000000070ea00000|  0%| F|  |TAMS 0x000000070e800000| PB 0x000000070e800000| Untracked 
|  81|0x000000070ea00000, 0x000000070ea00000, 0x000000070ec00000|  0%| F|  |TAMS 0x000000070ea00000| PB 0x000000070ea00000| Untracked 
|  82|0x000000070ec00000, 0x000000070ec00000, 0x000000070ee00000|  0%| F|  |TAMS 0x000000070ec00000| PB 0x000000070ec00000| Untracked 
|  83|0x000000070ee00000, 0x000000070ee00000, 0x000000070f000000|  0%| F|  |TAMS 0x000000070ee00000| PB 0x000000070ee00000| Untracked 
|  84|0x000000070f000000, 0x000000070f000000, 0x000000070f200000|  0%| F|  |TAMS 0x000000070f000000| PB 0x000000070f000000| Untracked 
|  85|0x000000070f200000, 0x000000070f200000, 0x000000070f400000|  0%| F|  |TAMS 0x000000070f200000| PB 0x000000070f200000| Untracked 
|  86|0x000000070f400000, 0x000000070f400000, 0x000000070f600000|  0%| F|  |TAMS 0x000000070f400000| PB 0x000000070f400000| Untracked 
|  87|0x000000070f600000, 0x000000070f600000, 0x000000070f800000|  0%| F|  |TAMS 0x000000070f600000| PB 0x000000070f600000| Untracked 
|  88|0x000000070f800000, 0x000000070f800000, 0x000000070fa00000|  0%| F|  |TAMS 0x000000070f800000| PB 0x000000070f800000| Untracked 
|  89|0x000000070fa00000, 0x000000070fa00000, 0x000000070fc00000|  0%| F|  |TAMS 0x000000070fa00000| PB 0x000000070fa00000| Untracked 
|  90|0x000000070fc00000, 0x000000070fc00000, 0x000000070fe00000|  0%| F|  |TAMS 0x000000070fc00000| PB 0x000000070fc00000| Untracked 
|  91|0x000000070fe00000, 0x000000070fe00000, 0x0000000710000000|  0%| F|  |TAMS 0x000000070fe00000| PB 0x000000070fe00000| Untracked 
|  92|0x0000000710000000, 0x0000000710000000, 0x0000000710200000|  0%| F|  |TAMS 0x0000000710000000| PB 0x0000000710000000| Untracked 
|  93|0x0000000710200000, 0x0000000710200000, 0x0000000710400000|  0%| F|  |TAMS 0x0000000710200000| PB 0x0000000710200000| Untracked 
|  94|0x0000000710400000, 0x0000000710400000, 0x0000000710600000|  0%| F|  |TAMS 0x0000000710400000| PB 0x0000000710400000| Untracked 
|  95|0x0000000710600000, 0x0000000710600000, 0x0000000710800000|  0%| F|  |TAMS 0x0000000710600000| PB 0x0000000710600000| Untracked 
|  96|0x0000000710800000, 0x0000000710800000, 0x0000000710a00000|  0%| F|  |TAMS 0x0000000710800000| PB 0x0000000710800000| Untracked 
|  97|0x0000000710a00000, 0x0000000710a00000, 0x0000000710c00000|  0%| F|  |TAMS 0x0000000710a00000| PB 0x0000000710a00000| Untracked 
|  98|0x0000000710c00000, 0x0000000710c00000, 0x0000000710e00000|  0%| F|  |TAMS 0x0000000710c00000| PB 0x0000000710c00000| Untracked 
|  99|0x0000000710e00000, 0x0000000710e00000, 0x0000000711000000|  0%| F|  |TAMS 0x0000000710e00000| PB 0x0000000710e00000| Untracked 
| 100|0x0000000711000000, 0x0000000711000000, 0x0000000711200000|  0%| F|  |TAMS 0x0000000711000000| PB 0x0000000711000000| Untracked 
| 101|0x0000000711200000, 0x0000000711200000, 0x0000000711400000|  0%| F|  |TAMS 0x0000000711200000| PB 0x0000000711200000| Untracked 
| 102|0x0000000711400000, 0x0000000711400000, 0x0000000711600000|  0%| F|  |TAMS 0x0000000711400000| PB 0x0000000711400000| Untracked 
| 103|0x0000000711600000, 0x00000007116d5ce0, 0x0000000711800000| 41%| S|CS|TAMS 0x0000000711600000| PB 0x0000000711600000| Complete 
| 104|0x0000000711800000, 0x0000000711a00000, 0x0000000711a00000|100%| S|CS|TAMS 0x0000000711800000| PB 0x0000000711800000| Complete 
| 105|0x0000000711a00000, 0x0000000711c00000, 0x0000000711c00000|100%| S|CS|TAMS 0x0000000711a00000| PB 0x0000000711a00000| Complete 
| 106|0x0000000711c00000, 0x0000000711c00000, 0x0000000711e00000|  0%| F|  |TAMS 0x0000000711c00000| PB 0x0000000711c00000| Untracked 
| 107|0x0000000711e00000, 0x0000000711e00000, 0x0000000712000000|  0%| F|  |TAMS 0x0000000711e00000| PB 0x0000000711e00000| Untracked 
| 108|0x0000000712000000, 0x0000000712000000, 0x0000000712200000|  0%| F|  |TAMS 0x0000000712000000| PB 0x0000000712000000| Untracked 
| 109|0x0000000712200000, 0x0000000712200000, 0x0000000712400000|  0%| F|  |TAMS 0x0000000712200000| PB 0x0000000712200000| Untracked 
| 110|0x0000000712400000, 0x0000000712400000, 0x0000000712600000|  0%| F|  |TAMS 0x0000000712400000| PB 0x0000000712400000| Untracked 
| 111|0x0000000712600000, 0x0000000712600000, 0x0000000712800000|  0%| F|  |TAMS 0x0000000712600000| PB 0x0000000712600000| Untracked 
| 112|0x0000000712800000, 0x0000000712800000, 0x0000000712a00000|  0%| F|  |TAMS 0x0000000712800000| PB 0x0000000712800000| Untracked 
| 113|0x0000000712a00000, 0x0000000712a00000, 0x0000000712c00000|  0%| F|  |TAMS 0x0000000712a00000| PB 0x0000000712a00000| Untracked 
| 114|0x0000000712c00000, 0x0000000712c00000, 0x0000000712e00000|  0%| F|  |TAMS 0x0000000712c00000| PB 0x0000000712c00000| Untracked 
| 115|0x0000000712e00000, 0x0000000712e00000, 0x0000000713000000|  0%| F|  |TAMS 0x0000000712e00000| PB 0x0000000712e00000| Untracked 
| 116|0x0000000713000000, 0x0000000713000000, 0x0000000713200000|  0%| F|  |TAMS 0x0000000713000000| PB 0x0000000713000000| Untracked 
| 117|0x0000000713200000, 0x0000000713200000, 0x0000000713400000|  0%| F|  |TAMS 0x0000000713200000| PB 0x0000000713200000| Untracked 
| 118|0x0000000713400000, 0x0000000713400000, 0x0000000713600000|  0%| F|  |TAMS 0x0000000713400000| PB 0x0000000713400000| Untracked 
| 119|0x0000000713600000, 0x0000000713600000, 0x0000000713800000|  0%| F|  |TAMS 0x0000000713600000| PB 0x0000000713600000| Untracked 
| 120|0x0000000713800000, 0x0000000713800000, 0x0000000713a00000|  0%| F|  |TAMS 0x0000000713800000| PB 0x0000000713800000| Untracked 
| 121|0x0000000713a00000, 0x0000000713a00000, 0x0000000713c00000|  0%| F|  |TAMS 0x0000000713a00000| PB 0x0000000713a00000| Untracked 
| 122|0x0000000713c00000, 0x0000000713c00000, 0x0000000713e00000|  0%| F|  |TAMS 0x0000000713c00000| PB 0x0000000713c00000| Untracked 
| 123|0x0000000713e00000, 0x0000000713e00000, 0x0000000714000000|  0%| F|  |TAMS 0x0000000713e00000| PB 0x0000000713e00000| Untracked 
| 124|0x0000000714000000, 0x0000000714000000, 0x0000000714200000|  0%| F|  |TAMS 0x0000000714000000| PB 0x0000000714000000| Untracked 
| 125|0x0000000714200000, 0x0000000714200000, 0x0000000714400000|  0%| F|  |TAMS 0x0000000714200000| PB 0x0000000714200000| Untracked 
| 126|0x0000000714400000, 0x0000000714400000, 0x0000000714600000|  0%| F|  |TAMS 0x0000000714400000| PB 0x0000000714400000| Untracked 
| 127|0x0000000714600000, 0x0000000714600000, 0x0000000714800000|  0%| F|  |TAMS 0x0000000714600000| PB 0x0000000714600000| Untracked 
| 128|0x0000000714800000, 0x0000000714800000, 0x0000000714a00000|  0%| F|  |TAMS 0x0000000714800000| PB 0x0000000714800000| Untracked 
| 129|0x0000000714a00000, 0x0000000714a00000, 0x0000000714c00000|  0%| F|  |TAMS 0x0000000714a00000| PB 0x0000000714a00000| Untracked 
| 130|0x0000000714c00000, 0x0000000714c00000, 0x0000000714e00000|  0%| F|  |TAMS 0x0000000714c00000| PB 0x0000000714c00000| Untracked 
| 131|0x0000000714e00000, 0x0000000714e00000, 0x0000000715000000|  0%| F|  |TAMS 0x0000000714e00000| PB 0x0000000714e00000| Untracked 
| 132|0x0000000715000000, 0x0000000715000000, 0x0000000715200000|  0%| F|  |TAMS 0x0000000715000000| PB 0x0000000715000000| Untracked 
| 133|0x0000000715200000, 0x0000000715200000, 0x0000000715400000|  0%| F|  |TAMS 0x0000000715200000| PB 0x0000000715200000| Untracked 
| 134|0x0000000715400000, 0x0000000715400000, 0x0000000715600000|  0%| F|  |TAMS 0x0000000715400000| PB 0x0000000715400000| Untracked 
| 135|0x0000000715600000, 0x0000000715600000, 0x0000000715800000|  0%| F|  |TAMS 0x0000000715600000| PB 0x0000000715600000| Untracked 
| 136|0x0000000715800000, 0x0000000715800000, 0x0000000715a00000|  0%| F|  |TAMS 0x0000000715800000| PB 0x0000000715800000| Untracked 
| 137|0x0000000715a00000, 0x0000000715a00000, 0x0000000715c00000|  0%| F|  |TAMS 0x0000000715a00000| PB 0x0000000715a00000| Untracked 
| 138|0x0000000715c00000, 0x0000000715c00000, 0x0000000715e00000|  0%| F|  |TAMS 0x0000000715c00000| PB 0x0000000715c00000| Untracked 
| 139|0x0000000715e00000, 0x0000000715e00000, 0x0000000716000000|  0%| F|  |TAMS 0x0000000715e00000| PB 0x0000000715e00000| Untracked 
| 140|0x0000000716000000, 0x0000000716000000, 0x0000000716200000|  0%| F|  |TAMS 0x0000000716000000| PB 0x0000000716000000| Untracked 
| 141|0x0000000716200000, 0x0000000716200000, 0x0000000716400000|  0%| F|  |TAMS 0x0000000716200000| PB 0x0000000716200000| Untracked 
| 142|0x0000000716400000, 0x0000000716400000, 0x0000000716600000|  0%| F|  |TAMS 0x0000000716400000| PB 0x0000000716400000| Untracked 
| 143|0x0000000716600000, 0x0000000716600000, 0x0000000716800000|  0%| F|  |TAMS 0x0000000716600000| PB 0x0000000716600000| Untracked 
| 144|0x0000000716800000, 0x0000000716800000, 0x0000000716a00000|  0%| F|  |TAMS 0x0000000716800000| PB 0x0000000716800000| Untracked 
| 145|0x0000000716a00000, 0x0000000716a00000, 0x0000000716c00000|  0%| F|  |TAMS 0x0000000716a00000| PB 0x0000000716a00000| Untracked 
| 146|0x0000000716c00000, 0x0000000716dddba8, 0x0000000716e00000| 93%| E|  |TAMS 0x0000000716c00000| PB 0x0000000716c00000| Complete 
| 147|0x0000000716e00000, 0x0000000717000000, 0x0000000717000000|100%| E|CS|TAMS 0x0000000716e00000| PB 0x0000000716e00000| Complete 
| 148|0x0000000717000000, 0x0000000717200000, 0x0000000717200000|100%| E|CS|TAMS 0x0000000717000000| PB 0x0000000717000000| Complete 
| 149|0x0000000717200000, 0x0000000717400000, 0x0000000717400000|100%| E|CS|TAMS 0x0000000717200000| PB 0x0000000717200000| Complete 
| 150|0x0000000717400000, 0x0000000717600000, 0x0000000717600000|100%| E|CS|TAMS 0x0000000717400000| PB 0x0000000717400000| Complete 
| 151|0x0000000717600000, 0x0000000717800000, 0x0000000717800000|100%| E|  |TAMS 0x0000000717600000| PB 0x0000000717600000| Complete 
|2011|0x00000007ffe00000, 0x0000000800000000, 0x0000000800000000|100%| O|  |TAMS 0x00000007ffe00000| PB 0x00000007ffe00000| Untracked 

Card table byte_map: [0x000002bb7f3d0000,0x000002bb7fbb0000] _byte_map_base: 0x000002bb7bbac000

Marking Bits: (CMBitMap*) 0x000002bb7293f540
 Bits: [0x000002bb00000000, 0x000002bb03ee0000)

Polling page: 0x000002bb710d0000

Metaspace:

Usage:
  Non-class:    160.53 MB used.
      Class:     25.69 MB used.
       Both:    186.22 MB used.

Virtual space:
  Non-class space:      192.00 MB reserved,     162.81 MB ( 85%) committed,  3 nodes.
      Class space:        1.00 GB reserved,      27.44 MB (  3%) committed,  1 nodes.
             Both:        1.19 GB reserved,     190.25 MB ( 16%) committed. 

Chunk freelists:
   Non-Class:  14.17 MB
       Class:  5.28 MB
        Both:  19.45 MB

MaxMetaspaceSize: unlimited
CompressedClassSpaceSize: 1.00 GB
Initial GC threshold: 21.00 MB
Current GC threshold: 317.12 MB
CDS: on
 - commit_granule_bytes: 65536.
 - commit_granule_words: 8192.
 - virtual_space_node_default_size: 8388608.
 - enlarge_chunks_in_place: 1.
 - use_allocation_guard: 0.


Internal statistics:

num_allocs_failed_limit: 84.
num_arena_births: 5436.
num_arena_deaths: 2426.
num_vsnodes_births: 4.
num_vsnodes_deaths: 0.
num_space_committed: 3047.
num_space_uncommitted: 3.
num_chunks_returned_to_freelist: 3053.
num_chunks_taken_from_freelist: 13947.
num_chunk_merges: 1143.
num_chunk_splits: 9357.
num_chunks_enlarged: 6343.
num_inconsistent_stats: 0.

CodeCache: size=49152Kb used=25452Kb max_used=28152Kb free=23699Kb
 bounds [0x000002bb7ae10000, 0x000002bb7c990000, 0x000002bb7de10000]
 total_blobs=13498 nmethods=12366 adapters=1055
 compilation: enabled
              stopped_count=0, restarted_count=0
 full_count=0

Compilation events (20 events):
Event: 323.199 Thread 0x000002bb5684dd10 nmethod 20678 0x000002bb7c485b90 code [0x000002bb7c485d20, 0x000002bb7c485e20]
Event: 323.199 Thread 0x000002bb5684f850 nmethod 20675 0x000002bb7c484b10 code [0x000002bb7c484e00, 0x000002bb7c485670]
Event: 323.204 Thread 0x000002bb5684f850 20680       1       io.netty.util.internal.logging.LocationAwareSlf4JLogger::isTraceEnabled (10 bytes)
Event: 323.205 Thread 0x000002bb5684f850 nmethod 20680 0x000002bb7c484610 code [0x000002bb7c4847c0, 0x000002bb7c484928]
Event: 323.205 Thread 0x000002bb5684f850 20681       1       io.netty.handler.timeout.IdleStateHandler::write (54 bytes)
Event: 323.205 Thread 0x000002bb5684f850 nmethod 20681 0x000002bb7c484010 code [0x000002bb7c4841e0, 0x000002bb7c484478]
Event: 323.205 Thread 0x000002bb5684dd10 20682       1       io.netty.handler.timeout.IdleStateHandler$1::operationComplete (9 bytes)
Event: 323.205 Thread 0x000002bb5684dd10 nmethod 20682 0x000002bb7c483c10 code [0x000002bb7c483da0, 0x000002bb7c483f00]
Event: 332.542 Thread 0x000002bb5684f850 20683       1       io.vertx.core.http.impl.headers.HeadersMultiMap::access$100 (5 bytes)
Event: 332.542 Thread 0x000002bb5684f850 nmethod 20683 0x000002bb7c483910 code [0x000002bb7c483aa0, 0x000002bb7c483b50]
Event: 332.543 Thread 0x000002bb5684f850 20684       1       io.quarkus.arc.impl.InjectionPointProvider::setCurrent (6 bytes)
Event: 332.543 Thread 0x000002bb06b72540 20685   !   1       io.quarkus.arc.impl.CreationalContextImpl::setCurrentInjectionPoint (32 bytes)
Event: 332.543 Thread 0x000002bb5684f850 nmethod 20684 0x000002bb7c483410 code [0x000002bb7c4835c0, 0x000002bb7c4837f8]
Event: 332.543 Thread 0x000002bb06b72540 nmethod 20685 0x000002bb7c482f10 code [0x000002bb7c4830c0, 0x000002bb7c4832f8]
Event: 441.618 Thread 0x000002bb06b72540 20686   !   1       sun.nio.ch.SocketChannelImpl::read (318 bytes)
Event: 441.619 Thread 0x000002bb06b72540 nmethod 20686 0x000002bb7c481010 code [0x000002bb7c4813a0, 0x000002bb7c482258]
Event: 441.619 Thread 0x000002bb06b72540 20687       1       io.vertx.core.impl.future.PromiseImpl::operationComplete (33 bytes)
Event: 441.619 Thread 0x000002bb06b72540 nmethod 20687 0x000002bb7c480910 code [0x000002bb7c480b20, 0x000002bb7c480e40]
Event: 441.619 Thread 0x000002bb06b72540 20688       1       sun.nio.ch.IOUtil::read (12 bytes)
Event: 441.619 Thread 0x000002bb06b72540 nmethod 20688 0x000002bb7c480610 code [0x000002bb7c4807a0, 0x000002bb7c480898]

GC Heap History (20 events):
Event: 42.605 GC heap before
{Heap before GC invocations=36 (full 0):
 garbage-first heap   total 307200K, used 211628K [0x0000000704800000, 0x0000000800000000)
  region size 2048K, 48 young (98304K), 7 survivors (14336K)
 Metaspace       used 128058K, committed 130368K, reserved 1179648K
  class space    used 18008K, committed 19136K, reserved 1048576K
}
Event: 42.612 GC heap after
{Heap after GC invocations=37 (full 0):
 garbage-first heap   total 307200K, used 133944K [0x0000000704800000, 0x0000000800000000)
  region size 2048K, 7 young (14336K), 7 survivors (14336K)
 Metaspace       used 128058K, committed 130368K, reserved 1179648K
  class space    used 18008K, committed 19136K, reserved 1048576K
}
Event: 43.534 GC heap before
{Heap before GC invocations=38 (full 0):
 garbage-first heap   total 307200K, used 273208K [0x0000000704800000, 0x0000000800000000)
  region size 2048K, 75 young (153600K), 7 survivors (14336K)
 Metaspace       used 147197K, committed 149568K, reserved 1179648K
  class space    used 20543K, committed 21696K, reserved 1048576K
}
Event: 43.540 GC heap after
{Heap after GC invocations=39 (full 0):
 garbage-first heap   total 307200K, used 138883K [0x0000000704800000, 0x0000000800000000)
  region size 2048K, 5 young (10240K), 5 survivors (10240K)
 Metaspace       used 147197K, committed 149568K, reserved 1179648K
  class space    used 20543K, committed 21696K, reserved 1048576K
}
Event: 44.557 GC heap before
{Heap before GC invocations=39 (full 0):
 garbage-first heap   total 307200K, used 280195K [0x0000000704800000, 0x0000000800000000)
  region size 2048K, 73 young (149504K), 5 survivors (10240K)
 Metaspace       used 173370K, committed 175744K, reserved 1245184K
  class space    used 23857K, committed 25024K, reserved 1048576K
}
Event: 44.566 GC heap after
{Heap after GC invocations=40 (full 0):
 garbage-first heap   total 307200K, used 135254K [0x0000000704800000, 0x0000000800000000)
  region size 2048K, 8 young (16384K), 8 survivors (16384K)
 Metaspace       used 173370K, committed 175744K, reserved 1245184K
  class space    used 23857K, committed 25024K, reserved 1048576K
}
Event: 44.792 GC heap before
{Heap before GC invocations=40 (full 0):
 garbage-first heap   total 307200K, used 155734K [0x0000000704800000, 0x0000000800000000)
  region size 2048K, 19 young (38912K), 8 survivors (16384K)
 Metaspace       used 175874K, committed 178368K, reserved 1245184K
  class space    used 24236K, committed 25408K, reserved 1048576K
}
Event: 44.799 GC heap after
{Heap after GC invocations=41 (full 0):
 garbage-first heap   total 307200K, used 139189K [0x0000000704800000, 0x0000000800000000)
  region size 2048K, 5 young (10240K), 5 survivors (10240K)
 Metaspace       used 175874K, committed 178368K, reserved 1245184K
  class space    used 24236K, committed 25408K, reserved 1048576K
}
Event: 66.126 GC heap before
{Heap before GC invocations=42 (full 0):
 garbage-first heap   total 307200K, used 286645K [0x0000000704800000, 0x0000000800000000)
  region size 2048K, 73 young (149504K), 5 survivors (10240K)
 Metaspace       used 182901K, committed 185600K, reserved 1245184K
  class space    used 25385K, committed 26688K, reserved 1048576K
}
Event: 66.136 GC heap after
{Heap after GC invocations=43 (full 0):
 garbage-first heap   total 313344K, used 149959K [0x0000000704800000, 0x0000000800000000)
  region size 2048K, 10 young (20480K), 10 survivors (20480K)
 Metaspace       used 182901K, committed 185600K, reserved 1245184K
  class space    used 25385K, committed 26688K, reserved 1048576K
}
Event: 136.505 GC heap before
{Heap before GC invocations=44 (full 0):
 garbage-first heap   total 313344K, used 270791K [0x0000000704800000, 0x0000000800000000)
  region size 2048K, 70 young (143360K), 10 survivors (20480K)
 Metaspace       used 191209K, committed 193920K, reserved 1245184K
  class space    used 26553K, committed 27840K, reserved 1048576K
}
Event: 136.515 GC heap after
{Heap after GC invocations=45 (full 0):
 garbage-first heap   total 313344K, used 157157K [0x0000000704800000, 0x0000000800000000)
  region size 2048K, 5 young (10240K), 5 survivors (10240K)
 Metaspace       used 191209K, committed 193920K, reserved 1245184K
  class space    used 26553K, committed 27840K, reserved 1048576K
}
Event: 200.214 GC heap before
{Heap before GC invocations=45 (full 0):
 garbage-first heap   total 313344K, used 280037K [0x0000000704800000, 0x0000000800000000)
  region size 2048K, 66 young (135168K), 5 survivors (10240K)
 Metaspace       used 191892K, committed 194688K, reserved 1245184K
  class space    used 26642K, committed 27968K, reserved 1048576K
}
Event: 200.222 GC heap after
{Heap after GC invocations=46 (full 0):
 garbage-first heap   total 313344K, used 148300K [0x0000000704800000, 0x0000000800000000)
  region size 2048K, 5 young (10240K), 5 survivors (10240K)
 Metaspace       used 191892K, committed 194688K, reserved 1245184K
  class space    used 26642K, committed 27968K, reserved 1048576K
}
Event: 200.414 GC heap before
{Heap before GC invocations=46 (full 0):
 garbage-first heap   total 313344K, used 156492K [0x0000000704800000, 0x0000000800000000)
  region size 2048K, 11 young (22528K), 5 survivors (10240K)
 Metaspace       used 191966K, committed 194880K, reserved 1245184K
  class space    used 26661K, committed 28096K, reserved 1048576K
}
Event: 200.419 GC heap after
{Heap after GC invocations=47 (full 0):
 garbage-first heap   total 313344K, used 148605K [0x0000000704800000, 0x0000000800000000)
  region size 2048K, 5 young (10240K), 5 survivors (10240K)
 Metaspace       used 191966K, committed 194880K, reserved 1245184K
  class space    used 26661K, committed 28096K, reserved 1048576K
}
Event: 217.485 GC heap before
{Heap before GC invocations=48 (full 0):
 garbage-first heap   total 313344K, used 287869K [0x0000000704800000, 0x0000000800000000)
  region size 2048K, 71 young (145408K), 5 survivors (10240K)
 Metaspace       used 190500K, committed 194816K, reserved 1245184K
  class space    used 26344K, committed 28096K, reserved 1048576K
}
Event: 217.493 GC heap after
{Heap after GC invocations=49 (full 0):
 garbage-first heap   total 313344K, used 156891K [0x0000000704800000, 0x0000000800000000)
  region size 2048K, 9 young (18432K), 9 survivors (18432K)
 Metaspace       used 190500K, committed 194816K, reserved 1245184K
  class space    used 26344K, committed 28096K, reserved 1048576K
}
Event: 217.794 GC heap before
{Heap before GC invocations=49 (full 0):
 garbage-first heap   total 313344K, used 247003K [0x0000000704800000, 0x0000000800000000)
  region size 2048K, 55 young (112640K), 9 survivors (18432K)
 Metaspace       used 191101K, committed 194816K, reserved 1245184K
  class space    used 26420K, committed 28096K, reserved 1048576K
}
Event: 217.799 GC heap after
{Heap after GC invocations=50 (full 0):
 garbage-first heap   total 313344K, used 151039K [0x0000000704800000, 0x0000000800000000)
  region size 2048K, 3 young (6144K), 3 survivors (6144K)
 Metaspace       used 191101K, committed 194816K, reserved 1245184K
  class space    used 26420K, committed 28096K, reserved 1048576K
}

Dll operation events (13 events):
Event: 0.018 Loaded shared library C:\Program Files\JAVA\jdk-21.0.4\bin\java.dll
Event: 0.085 Loaded shared library C:\Program Files\JAVA\jdk-21.0.4\bin\zip.dll
Event: 0.088 Loaded shared library C:\Program Files\JAVA\jdk-21.0.4\bin\instrument.dll
Event: 0.092 Loaded shared library C:\Program Files\JAVA\jdk-21.0.4\bin\net.dll
Event: 0.094 Loaded shared library C:\Program Files\JAVA\jdk-21.0.4\bin\nio.dll
Event: 0.097 Loaded shared library C:\Program Files\JAVA\jdk-21.0.4\bin\zip.dll
Event: 0.204 Loaded shared library C:\Program Files\JAVA\jdk-21.0.4\bin\jimage.dll
Event: 1.177 Loaded shared library C:\Program Files\JAVA\jdk-21.0.4\bin\verify.dll
Event: 2.268 Loaded shared library C:\Program Files\JAVA\jdk-21.0.4\bin\management.dll
Event: 2.277 Loaded shared library C:\Program Files\JAVA\jdk-21.0.4\bin\management_ext.dll
Event: 2.284 Loaded shared library C:\Program Files\apache-maven-3.9.2-bin\apache-maven-3.9.2\lib\jansi-native\Windows\x86_64\jansi.dll
Event: 4.608 Loaded shared library C:\Program Files\JAVA\jdk-21.0.4\bin\sunmscapi.dll
Event: 4.625 Loaded shared library C:\Program Files\JAVA\jdk-21.0.4\bin\extnet.dll

Deoptimization events (20 events):
Event: 441.620 Thread 0x000002bb558516d0 DEOPT PACKING pc=0x000002bb7bfa5a8c sp=0x000000ce35aff030
Event: 441.620 Thread 0x000002bb558516d0 DEOPT UNPACKING pc=0x000002bb7ae64e42 sp=0x000000ce35afe560 mode 1
Event: 441.620 Thread 0x000002bb558516d0 DEOPT PACKING pc=0x000002bb7bc36bfd sp=0x000000ce35afefd0
Event: 441.620 Thread 0x000002bb558516d0 DEOPT UNPACKING pc=0x000002bb7ae64e42 sp=0x000000ce35afe478 mode 1
Event: 441.620 Thread 0x000002bb558516d0 DEOPT PACKING pc=0x000002bb7ba11f84 sp=0x000000ce35aff040
Event: 441.620 Thread 0x000002bb558516d0 DEOPT UNPACKING pc=0x000002bb7ae64e42 sp=0x000000ce35afe4f8 mode 1
Event: 441.620 Thread 0x000002bb558516d0 DEOPT PACKING pc=0x000002bb7ba65a74 sp=0x000000ce35aff150
Event: 441.620 Thread 0x000002bb558516d0 DEOPT UNPACKING pc=0x000002bb7ae64e42 sp=0x000000ce35afe608 mode 1
Event: 441.620 Thread 0x000002bb558516d0 DEOPT PACKING pc=0x000002bb7b45a48c sp=0x000000ce35afee20
Event: 441.620 Thread 0x000002bb558516d0 DEOPT UNPACKING pc=0x000002bb7ae64e42 sp=0x000000ce35afe2f0 mode 1
Event: 441.620 Thread 0x000002bb558516d0 DEOPT PACKING pc=0x000002bb7b89fe74 sp=0x000000ce35afeec0
Event: 441.620 Thread 0x000002bb558516d0 DEOPT UNPACKING pc=0x000002bb7ae64e42 sp=0x000000ce35afe440 mode 1
Event: 441.620 Thread 0x000002bb558516d0 DEOPT PACKING pc=0x000002bb7bfa5a8c sp=0x000000ce35aff030
Event: 441.620 Thread 0x000002bb558516d0 DEOPT UNPACKING pc=0x000002bb7ae64e42 sp=0x000000ce35afe560 mode 1
Event: 441.620 Thread 0x000002bb558516d0 DEOPT PACKING pc=0x000002bb7bc36bfd sp=0x000000ce35afefd0
Event: 441.620 Thread 0x000002bb558516d0 DEOPT UNPACKING pc=0x000002bb7ae64e42 sp=0x000000ce35afe478 mode 1
Event: 441.620 Thread 0x000002bb558516d0 DEOPT PACKING pc=0x000002bb7ba11f84 sp=0x000000ce35aff040
Event: 441.620 Thread 0x000002bb558516d0 DEOPT UNPACKING pc=0x000002bb7ae64e42 sp=0x000000ce35afe4f8 mode 1
Event: 441.620 Thread 0x000002bb558516d0 DEOPT PACKING pc=0x000002bb7ba65a74 sp=0x000000ce35aff150
Event: 441.620 Thread 0x000002bb558516d0 DEOPT UNPACKING pc=0x000002bb7ae64e42 sp=0x000000ce35afe608 mode 1

Classes loaded (20 events):
Event: 77.173 Loading class sun/util/resources/LocaleData$SupplementaryStrategy
Event: 77.173 Loading class sun/util/resources/LocaleData$SupplementaryStrategy done
Event: 77.173 Loading class sun/text/resources/JavaTimeSupplementary
Event: 77.173 Loading class sun/util/resources/OpenListResourceBundle
Event: 77.173 Loading class sun/util/resources/OpenListResourceBundle done
Event: 77.173 Loading class sun/text/resources/JavaTimeSupplementary done
Event: 77.174 Loading class sun/text/resources/JavaTimeSupplementary_en
Event: 77.174 Loading class sun/text/resources/JavaTimeSupplementary_en done
Event: 77.174 Loading class sun/text/resources/JavaTimeSupplementary_en_US
Event: 77.174 Loading class sun/text/resources/JavaTimeSupplementary_en_US done
Event: 77.174 Loading class sun/util/resources/ParallelListResourceBundle$KeySet
Event: 77.174 Loading class sun/util/resources/ParallelListResourceBundle$KeySet done
Event: 77.175 Loading class sun/util/locale/provider/CalendarDataUtility$CalendarFieldValueNameGetter
Event: 77.175 Loading class sun/util/locale/provider/CalendarDataUtility$CalendarFieldValueNameGetter done
Event: 136.538 Loading class java/util/concurrent/ConcurrentHashMap$TreeBin
Event: 136.538 Loading class java/util/concurrent/ConcurrentHashMap$TreeBin done
Event: 200.289 Loading class java/lang/Throwable$WrappedPrintWriter
Event: 200.289 Loading class java/lang/Throwable$PrintStreamOrWriter
Event: 200.289 Loading class java/lang/Throwable$PrintStreamOrWriter done
Event: 200.289 Loading class java/lang/Throwable$WrappedPrintWriter done

Classes unloaded (20 events):
Event: 217.864 Thread 0x000002bb06b3c130 Unloading class 0x000002bb08135400 'java/lang/invoke/LambdaForm$MH+0x000002bb08135400'
Event: 217.864 Thread 0x000002bb06b3c130 Unloading class 0x000002bb08135000 'java/lang/invoke/LambdaForm$MH+0x000002bb08135000'
Event: 217.864 Thread 0x000002bb06b3c130 Unloading class 0x000002bb08134400 'java/lang/invoke/LambdaForm$MH+0x000002bb08134400'
Event: 217.864 Thread 0x000002bb06b3c130 Unloading class 0x000002bb08134000 'java/lang/invoke/LambdaForm$MH+0x000002bb08134000'
Event: 217.864 Thread 0x000002bb06b3c130 Unloading class 0x000002bb08133c00 'java/lang/invoke/LambdaForm$MH+0x000002bb08133c00'
Event: 217.864 Thread 0x000002bb06b3c130 Unloading class 0x000002bb08133400 'java/lang/invoke/LambdaForm$MH+0x000002bb08133400'
Event: 217.864 Thread 0x000002bb06b3c130 Unloading class 0x000002bb08132c00 'java/lang/invoke/LambdaForm$MH+0x000002bb08132c00'
Event: 217.864 Thread 0x000002bb06b3c130 Unloading class 0x000002bb080ba000 'java/lang/invoke/LambdaForm$MH+0x000002bb080ba000'
Event: 217.864 Thread 0x000002bb06b3c130 Unloading class 0x000002bb080b9c00 'java/lang/invoke/LambdaForm$MH+0x000002bb080b9c00'
Event: 217.864 Thread 0x000002bb06b3c130 Unloading class 0x000002bb08083800 'java/lang/invoke/LambdaForm$MH+0x000002bb08083800'
Event: 217.864 Thread 0x000002bb06b3c130 Unloading class 0x000002bb08082800 'java/lang/invoke/LambdaForm$MH+0x000002bb08082800'
Event: 217.864 Thread 0x000002bb06b3c130 Unloading class 0x000002bb08082400 'java/lang/invoke/LambdaForm$BMH+0x000002bb08082400'
Event: 217.864 Thread 0x000002bb06b3c130 Unloading class 0x000002bb08033c00 'java/lang/invoke/LambdaForm$MH+0x000002bb08033c00'
Event: 217.864 Thread 0x000002bb06b3c130 Unloading class 0x000002bb08017400 'java/lang/invoke/LambdaForm$MH+0x000002bb08017400'
Event: 217.864 Thread 0x000002bb06b3c130 Unloading class 0x000002bb08017000 'java/lang/invoke/LambdaForm$MH+0x000002bb08017000'
Event: 217.864 Thread 0x000002bb06b3c130 Unloading class 0x000002bb08016800 'java/lang/invoke/LambdaForm$MH+0x000002bb08016800'
Event: 217.864 Thread 0x000002bb06b3c130 Unloading class 0x000002bb0800e000 'java/lang/invoke/LambdaForm$MH+0x000002bb0800e000'
Event: 217.864 Thread 0x000002bb06b3c130 Unloading class 0x000002bb08002000 'java/lang/invoke/LambdaForm$MH+0x000002bb08002000'
Event: 217.864 Thread 0x000002bb06b3c130 Unloading class 0x000002bb08001c00 'java/lang/invoke/LambdaForm$MH+0x000002bb08001c00'
Event: 217.864 Thread 0x000002bb06b3c130 Unloading class 0x000002bb08001400 'java/lang/invoke/LambdaForm$MH+0x000002bb08001400'

Classes redefined (0 events):
No events

Internal exceptions (20 events):
Event: 332.210 Thread 0x000002bb558516d0 Exception <a 'sun/nio/fs/WindowsException'{0x0000000716d93eb0}> (0x0000000716d93eb0) 
thrown [s\open\src\hotspot\share\prims\jni.cpp, line 520]
Event: 332.210 Thread 0x000002bb558516d0 Exception <a 'sun/nio/fs/WindowsException'{0x0000000716d95e28}> (0x0000000716d95e28) 
thrown [s\open\src\hotspot\share\prims\jni.cpp, line 520]
Event: 332.210 Thread 0x000002bb558516d0 Exception <a 'sun/nio/fs/WindowsException'{0x0000000716d961f0}> (0x0000000716d961f0) 
thrown [s\open\src\hotspot\share\prims\jni.cpp, line 520]
Event: 332.210 Thread 0x000002bb558516d0 Exception <a 'sun/nio/fs/WindowsException'{0x0000000716d965f0}> (0x0000000716d965f0) 
thrown [s\open\src\hotspot\share\prims\jni.cpp, line 520]
Event: 332.210 Thread 0x000002bb558516d0 Exception <a 'sun/nio/fs/WindowsException'{0x0000000716d96fc8}> (0x0000000716d96fc8) 
thrown [s\open\src\hotspot\share\prims\jni.cpp, line 520]
Event: 332.541 Thread 0x000002bb55856590 Exception <a 'sun/nio/fs/WindowsException'{0x0000000716daeaf0}> (0x0000000716daeaf0) 
thrown [s\open\src\hotspot\share\prims\jni.cpp, line 520]
Event: 332.542 Thread 0x000002bb55856590 Exception <a 'sun/nio/fs/WindowsException'{0x0000000716db16f8}> (0x0000000716db16f8) 
thrown [s\open\src\hotspot\share\prims\jni.cpp, line 520]
Event: 332.542 Thread 0x000002bb55856590 Exception <a 'sun/nio/fs/WindowsException'{0x0000000716db1ac0}> (0x0000000716db1ac0) 
thrown [s\open\src\hotspot\share\prims\jni.cpp, line 520]
Event: 332.542 Thread 0x000002bb55856590 Exception <a 'sun/nio/fs/WindowsException'{0x0000000716db24a0}> (0x0000000716db24a0) 
thrown [s\open\src\hotspot\share\prims\jni.cpp, line 520]
Event: 332.542 Thread 0x000002bb55856590 Exception <a 'sun/nio/fs/WindowsException'{0x0000000716db2890}> (0x0000000716db2890) 
thrown [s\open\src\hotspot\share\prims\jni.cpp, line 520]
Event: 441.619 Thread 0x000002bb558516d0 Exception <a 'sun/nio/fs/WindowsException'{0x0000000716dd59f8}> (0x0000000716dd59f8) 
thrown [s\open\src\hotspot\share\prims\jni.cpp, line 520]
Event: 441.619 Thread 0x000002bb558516d0 Exception <a 'sun/nio/fs/WindowsException'{0x0000000716dd5ea0}> (0x0000000716dd5ea0) 
thrown [s\open\src\hotspot\share\prims\jni.cpp, line 520]
Event: 441.619 Thread 0x000002bb558516d0 Exception <a 'sun/nio/fs/WindowsException'{0x0000000716dd6268}> (0x0000000716dd6268) 
thrown [s\open\src\hotspot\share\prims\jni.cpp, line 520]
Event: 441.619 Thread 0x000002bb558516d0 Exception <a 'sun/nio/fs/WindowsException'{0x0000000716dd6668}> (0x0000000716dd6668) 
thrown [s\open\src\hotspot\share\prims\jni.cpp, line 520]
Event: 441.619 Thread 0x000002bb558516d0 Exception <a 'sun/nio/fs/WindowsException'{0x0000000716dd6b08}> (0x0000000716dd6b08) 
thrown [s\open\src\hotspot\share\prims\jni.cpp, line 520]
Event: 441.620 Thread 0x000002bb558516d0 Exception <a 'sun/nio/fs/WindowsException'{0x0000000716dd73c8}> (0x0000000716dd73c8) 
thrown [s\open\src\hotspot\share\prims\jni.cpp, line 520]
Event: 441.620 Thread 0x000002bb558516d0 Exception <a 'sun/nio/fs/WindowsException'{0x0000000716dd9340}> (0x0000000716dd9340) 
thrown [s\open\src\hotspot\share\prims\jni.cpp, line 520]
Event: 441.620 Thread 0x000002bb558516d0 Exception <a 'sun/nio/fs/WindowsException'{0x0000000716dd9708}> (0x0000000716dd9708) 
thrown [s\open\src\hotspot\share\prims\jni.cpp, line 520]
Event: 441.620 Thread 0x000002bb558516d0 Exception <a 'sun/nio/fs/WindowsException'{0x0000000716dd9b08}> (0x0000000716dd9b08) 
thrown [s\open\src\hotspot\share\prims\jni.cpp, line 520]
Event: 441.620 Thread 0x000002bb558516d0 Exception <a 'sun/nio/fs/WindowsException'{0x0000000716dda4e0}> (0x0000000716dda4e0) 
thrown [s\open\src\hotspot\share\prims\jni.cpp, line 520]

ZGC Phase Switch (0 events):
No events

VM Operations (20 events):
Event: 410.656 Executing VM operation: get/set locals
Event: 410.656 Executing VM operation: get/set locals done
Event: 410.657 Executing VM operation: get/set locals
Event: 410.657 Executing VM operation: get/set locals done
Event: 411.113 Executing VM operation: get/set locals
Event: 411.113 Executing VM operation: get/set locals done
Event: 411.113 Executing VM operation: get/set locals
Event: 411.113 Executing VM operation: get/set locals done
Event: 413.808 Executing VM operation: ChangeSingleStep
Event: 413.808 Executing VM operation: ChangeSingleStep done
Event: 413.809 Executing VM operation: ChangeSingleStep
Event: 413.809 Executing VM operation: ChangeSingleStep done
Event: 413.862 Executing VM operation: get/set locals
Event: 413.862 Executing VM operation: get/set locals done
Event: 413.862 Executing VM operation: get/set locals
Event: 413.862 Executing VM operation: get/set locals done
Event: 413.862 Executing VM operation: get/set locals
Event: 413.862 Executing VM operation: get/set locals done
Event: 413.868 Executing VM operation: get/set locals
Event: 413.868 Executing VM operation: get/set locals done

Events (20 events):
Event: 217.830 Thread 0x000002bb4ece0680 Thread exited: 0x000002bb4ece0680
Event: 217.888 Thread 0x000002bb06b3c130 flushing nmethod 0x000002bb7b6d5e10
Event: 218.821 Thread 0x000002bb55852a80 Thread exited: 0x000002bb55852a80
Event: 219.224 Thread 0x000002bb5684c1d0 Thread exited: 0x000002bb5684c1d0
Event: 219.224 Thread 0x000002bb5684f850 Thread exited: 0x000002bb5684f850
Event: 220.224 Thread 0x000002bb5684dd10 Thread exited: 0x000002bb5684dd10
Event: 220.224 Thread 0x000002bb55817a10 Thread exited: 0x000002bb55817a10
Event: 221.225 Thread 0x000002bb55819c20 Thread exited: 0x000002bb55819c20
Event: 231.649 Thread 0x000002bb4fd619a0 Thread added: 0x000002bb4fd619a0
Event: 233.597 Thread 0x000002bb4fd60c80 Thread exited: 0x000002bb4fd60c80
Event: 233.597 Thread 0x000002bb4ece4820 Thread exited: 0x000002bb4ece4820
Event: 323.197 Thread 0x000002bb5684f850 Thread added: 0x000002bb5684f850
Event: 323.197 Thread 0x000002bb5684dd10 Thread added: 0x000002bb5684dd10
Event: 326.875 Thread 0x000002bb4fd619a0 Thread exited: 0x000002bb4fd619a0
Event: 326.886 Thread 0x000002bb4fd619a0 Thread added: 0x000002bb4fd619a0
Event: 326.886 Thread 0x000002bb55854b50 Thread exited: 0x000002bb55854b50
Event: 326.943 Thread 0x000002bb4fd605f0 Thread added: 0x000002bb4fd605f0
Event: 328.206 Thread 0x000002bb5684dd10 Thread exited: 0x000002bb5684dd10
Event: 337.543 Thread 0x000002bb5684f850 Thread exited: 0x000002bb5684f850
Event: 441.621 Thread 0x000002bb4fd5de90 Thread exited: 0x000002bb4fd5de90


Dynamic libraries:
0x00007ff719340000 - 0x00007ff719350000 	C:\Program Files\JAVA\jdk-21.0.4\bin\java.EXE
0x00007ffd6ad20000 - 0x00007ffd6af83000 	C:\WINDOWS\SYSTEM32\ntdll.dll
0x00007ffd69370000 - 0x00007ffd69438000 	C:\WINDOWS\System32\KERNEL32.DLL
0x00007ffd68670000 - 0x00007ffd68a22000 	C:\WINDOWS\System32\KERNELBASE.dll
0x00007ffd680f0000 - 0x00007ffd6823b000 	C:\WINDOWS\System32\ucrtbase.dll
0x00007ffd3cf70000 - 0x00007ffd3cf8b000 	C:\Program Files\JAVA\jdk-21.0.4\bin\VCRUNTIME140.dll
0x00007ffd3cf90000 - 0x00007ffd3cfa9000 	C:\Program Files\JAVA\jdk-21.0.4\bin\jli.dll
0x00007ffd6a970000 - 0x00007ffd6aa24000 	C:\WINDOWS\System32\ADVAPI32.dll
0x00007ffd69470000 - 0x00007ffd69519000 	C:\WINDOWS\System32\msvcrt.dll
0x00007ffd69650000 - 0x00007ffd696f6000 	C:\WINDOWS\System32\sechost.dll
0x00007ffd69530000 - 0x00007ffd69646000 	C:\WINDOWS\System32\RPCRT4.dll
0x00007ffd691a0000 - 0x00007ffd69368000 	C:\WINDOWS\System32\USER32.dll
0x00007ffd682f0000 - 0x00007ffd68317000 	C:\WINDOWS\System32\win32u.dll
0x00007ffd69440000 - 0x00007ffd6946a000 	C:\WINDOWS\System32\GDI32.dll
0x00007ffd44250000 - 0x00007ffd444e0000 	C:\WINDOWS\WinSxS\amd64_microsoft.windows.common-controls_6595b64144ccf1df_6.0.26100.2454_none_3e0b68a2e331ad60\COMCTL32.dll
0x00007ffd684a0000 - 0x00007ffd685cb000 	C:\WINDOWS\System32\gdi32full.dll
0x00007ffd68240000 - 0x00007ffd682e3000 	C:\WINDOWS\System32\msvcp_win.dll
0x00007ffd55f20000 - 0x00007ffd55f2b000 	C:\WINDOWS\SYSTEM32\VERSION.dll
0x00007ffd6aa30000 - 0x00007ffd6aa5f000 	C:\WINDOWS\System32\IMM32.DLL
0x00007ffd52b50000 - 0x00007ffd52b5c000 	C:\Program Files\JAVA\jdk-21.0.4\bin\vcruntime140_1.dll
0x00007ffd073e0000 - 0x00007ffd0746e000 	C:\Program Files\JAVA\jdk-21.0.4\bin\msvcp140.dll
0x00007ffcec660000 - 0x00007ffced373000 	C:\Program Files\JAVA\jdk-21.0.4\bin\server\jvm.dll
0x00007ffd6aa70000 - 0x00007ffd6aae4000 	C:\WINDOWS\System32\WS2_32.dll
0x00007ffd66d70000 - 0x00007ffd66dbe000 	C:\WINDOWS\SYSTEM32\POWRPROF.dll
0x00007ffd5c570000 - 0x00007ffd5c5a6000 	C:\WINDOWS\SYSTEM32\WINMM.dll
0x00007ffd66d50000 - 0x00007ffd66d64000 	C:\WINDOWS\SYSTEM32\UMPDC.dll
0x00007ffd67020000 - 0x00007ffd6703a000 	C:\WINDOWS\SYSTEM32\kernel.appcore.dll
0x00007ffd48390000 - 0x00007ffd4839a000 	C:\Program Files\JAVA\jdk-21.0.4\bin\jimage.dll
0x00007ffd65140000 - 0x00007ffd65381000 	C:\WINDOWS\SYSTEM32\DBGHELP.DLL
0x00007ffd68c10000 - 0x00007ffd68f8e000 	C:\WINDOWS\System32\combase.dll
0x00007ffd69f50000 - 0x00007ffd6a026000 	C:\WINDOWS\System32\OLEAUT32.dll
0x00007ffd48940000 - 0x00007ffd48979000 	C:\WINDOWS\SYSTEM32\dbgcore.DLL
0x00007ffd685d0000 - 0x00007ffd68669000 	C:\WINDOWS\System32\bcryptPrimitives.dll
0x00007ffd3b870000 - 0x00007ffd3b87f000 	C:\Program Files\JAVA\jdk-21.0.4\bin\instrument.dll
0x00007ffd3b1f0000 - 0x00007ffd3b20f000 	C:\Program Files\JAVA\jdk-21.0.4\bin\java.dll
0x00007ffd25e40000 - 0x00007ffd25e7c000 	C:\Program Files\JAVA\jdk-21.0.4\bin\jdwp.dll
0x00007ffd69840000 - 0x00007ffd69f41000 	C:\WINDOWS\System32\SHELL32.dll
0x00007ffd65e00000 - 0x00007ffd66631000 	C:\WINDOWS\SYSTEM32\windows.storage.dll
0x00007ffd6abf0000 - 0x00007ffd6acca000 	C:\WINDOWS\System32\SHCORE.dll
0x00007ffd6a910000 - 0x00007ffd6a96d000 	C:\WINDOWS\System32\shlwapi.dll
0x00007ffd68000000 - 0x00007ffd6802e000 	C:\WINDOWS\SYSTEM32\profapi.dll
0x00007ffd3a710000 - 0x00007ffd3a728000 	C:\Program Files\JAVA\jdk-21.0.4\bin\zip.dll
0x00007ffd465c0000 - 0x00007ffd465d0000 	C:\Program Files\JAVA\jdk-21.0.4\bin\net.dll
0x00007ffd5e760000 - 0x00007ffd5e886000 	C:\WINDOWS\SYSTEM32\WINHTTP.dll
0x00007ffd67540000 - 0x00007ffd675a8000 	C:\WINDOWS\system32\mswsock.dll
0x00007ffd3a730000 - 0x00007ffd3a746000 	C:\Program Files\JAVA\jdk-21.0.4\bin\nio.dll
0x00007ffd3b1e0000 - 0x00007ffd3b1ec000 	C:\Program Files\JAVA\jdk-21.0.4\bin\dt_socket.dll
0x00007ffd66a00000 - 0x00007ffd66a32000 	C:\WINDOWS\SYSTEM32\IPHLPAPI.DLL
0x00007ffd66aa0000 - 0x00007ffd66bc5000 	C:\WINDOWS\SYSTEM32\DNSAPI.dll
0x00007ffd68c00000 - 0x00007ffd68c0a000 	C:\WINDOWS\System32\NSI.dll
0x00007ffd51520000 - 0x00007ffd5152b000 	C:\Windows\System32\rasadhlp.dll
0x00007ffd5bea0000 - 0x00007ffd5bf25000 	C:\WINDOWS\System32\fwpuclnt.dll
0x00007ffd3ca60000 - 0x00007ffd3ca70000 	C:\Program Files\JAVA\jdk-21.0.4\bin\verify.dll
0x00007ffd3a700000 - 0x00007ffd3a70a000 	C:\Program Files\JAVA\jdk-21.0.4\bin\management.dll
0x00007ffd3a210000 - 0x00007ffd3a21b000 	C:\Program Files\JAVA\jdk-21.0.4\bin\management_ext.dll
0x00007ffd6ab80000 - 0x00007ffd6ab88000 	C:\WINDOWS\System32\PSAPI.DLL
0x0000000069ac0000 - 0x0000000069ae4000 	C:\Program Files\apache-maven-3.9.2-bin\apache-maven-3.9.2\lib\jansi-native\Windows\x86_64\jansi.dll
0x00007ffd677e0000 - 0x00007ffd677fc000 	C:\WINDOWS\SYSTEM32\CRYPTSP.dll
0x00007ffd66f80000 - 0x00007ffd66fb8000 	C:\WINDOWS\system32\rsaenh.dll
0x00007ffd675e0000 - 0x00007ffd6760b000 	C:\WINDOWS\SYSTEM32\USERENV.dll
0x00007ffd67a20000 - 0x00007ffd67a46000 	C:\WINDOWS\SYSTEM32\bcrypt.dll
0x00007ffd67800000 - 0x00007ffd6780c000 	C:\WINDOWS\SYSTEM32\CRYPTBASE.dll
0x00007ffd3a200000 - 0x00007ffd3a20e000 	C:\Program Files\JAVA\jdk-21.0.4\bin\sunmscapi.dll
0x00007ffd68320000 - 0x00007ffd68496000 	C:\WINDOWS\System32\CRYPT32.dll
0x00007ffd679e0000 - 0x00007ffd67a10000 	C:\WINDOWS\SYSTEM32\ncrypt.dll
0x00007ffd67990000 - 0x00007ffd679cf000 	C:\WINDOWS\SYSTEM32\NTASN1.dll
0x00007ffd51320000 - 0x00007ffd51328000 	C:\WINDOWS\system32\wshunix.dll
0x00007ffd3c380000 - 0x00007ffd3c389000 	C:\Program Files\JAVA\jdk-21.0.4\bin\extnet.dll
0x00007ffd3c420000 - 0x00007ffd3c438000 	C:\WINDOWS\system32\napinsp.dll
0x00007ffd3c310000 - 0x00007ffd3c322000 	C:\WINDOWS\System32\winrnr.dll
0x00007ffd3c2e0000 - 0x00007ffd3c302000 	C:\WINDOWS\system32\nlansp_c.dll
0x00007ffd3c2c0000 - 0x00007ffd3c2d6000 	C:\WINDOWS\system32\wshbth.dll

dbghelp: loaded successfully - version: 4.0.5 - missing functions: none
symbol engine: initialized successfully - sym options: 0x614 - pdb path: .;C:\Program Files\JAVA\jdk-21.0.4\bin;C:\WINDOWS\SYSTEM32;C:\WINDOWS\WinSxS\amd64_microsoft.windows.common-controls_6595b64144ccf1df_6.0.26100.2454_none_3e0b68a2e331ad60;C:\Program Files\JAVA\jdk-21.0.4\bin\server;C:\Program Files\apache-maven-3.9.2-bin\apache-maven-3.9.2\lib\jansi-native\Windows\x86_64

VM Arguments:
jvm_args: -Dquarkus-internal.serialized-app-model.path=D:\myProgramming\myJavaProgramming\quarkus-restful-example\target\quarkus\bootstrap\dev-app-model.dat -javaagent:D:\maven_repository\io\quarkus\quarkus-class-change-agent\3.17.6\quarkus-class-change-agent-3.17.6.jar -XX:TieredStopAtLevel=1 -agentlib:jdwp=transport=dt_socket,address=localhost:5005,server=y,suspend=n -Djava.util.logging.manager=org.jboss.logmanager.LogManager 
java_command: D:\myProgramming\myJavaProgramming\quarkus-restful-example\target\quarkus-restful-example-dev.jar
java_class_path (initial): D:\myProgramming\myJavaProgramming\quarkus-restful-example\target\quarkus-restful-example-dev.jar
Launcher Type: SUN_STANDARD

[Global flags]
     intx CICompilerCount                          = 12                                        {product} {ergonomic}
     uint ConcGCThreads                            = 3                                         {product} {ergonomic}
     uint G1ConcRefinementThreads                  = 13                                        {product} {ergonomic}
   size_t G1HeapRegionSize                         = 2097152                                   {product} {ergonomic}
    uintx GCDrainStackTargetSize                   = 64                                        {product} {ergonomic}
   size_t InitialHeapSize                          = 264241152                                 {product} {ergonomic}
   size_t MarkStackSize                            = 4194304                                   {product} {ergonomic}
   size_t MaxHeapSize                              = 4219469824                                {product} {ergonomic}
   size_t MaxNewSize                               = 2531262464                                {product} {ergonomic}
   size_t MinHeapDeltaBytes                        = 2097152                                   {product} {ergonomic}
   size_t MinHeapSize                              = 8388608                                   {product} {ergonomic}
    uintx NonNMethodCodeHeapSize                   = 4096                                   {pd product} {ergonomic}
    uintx NonProfiledCodeHeapSize                  = 0                                      {pd product} {ergonomic}
     bool ProfileInterpreter                       = false                                  {pd product} {command line}
    uintx ProfiledCodeHeapSize                     = 0                                      {pd product} {ergonomic}
   size_t SoftMaxHeapSize                          = 4219469824                             {manageable} {ergonomic}
     intx TieredStopAtLevel                        = 1                                         {product} {command line}
     bool UseCompressedOops                        = true                           {product lp64_product} {ergonomic}
     bool UseG1GC                                  = true                                      {product} {ergonomic}
     bool UseLargePagesIndividualAllocation        = false                                  {pd product} {ergonomic}

Logging:
Log output configuration:
 #0: stdout all=warning uptime,level,tags foldmultilines=false
 #1: stderr all=off uptime,level,tags foldmultilines=false

Environment Variables:
JAVA_HOME=C:\Program Files\JAVA\jdk-21.0.4
PATH=C:\Program Files\Zulu\zulu-21\bin\;C:\Windows\system32;C:\Windows;C:\Windows\System32\Wbem;C:\Windows\System32\WindowsPowerShell\v1.0\;C:\Windows\System32\OpenSSH\;C:\Program Files (x86)\NVIDIA Corporation\PhysX\Common;C:\Program Files\Microsoft VS Code\bin;C:\Program Files\JAVA\jdk-21.0.4\bin;C:\Program Files\apache-maven-3.9.2-bin\apache-maven-3.9.2\bin;C:\xampp\php;C:\Program Files\JAVA\openjdk-19.0.2_windows-x64_bin\jdk-19.0.2\bin;C:\gradle\gradle-8.3\bin;C:\Program Files\wkhtmltopdf\bin;C:\Program Files\Git\cmd;C:\Flutter\flutter\bin;C:\laragon\bin\php\php-8.3.12-nts-Win32-vs16-x64;C:\ProgramData\ComposerSetup\bin;C:\Program Files\NVIDIA Corporation\NVIDIA app\NvDLISR;C:\Users\fajar01\AppData\Roaming\nvm;C:\Program Files\nodejs;C:\Users\fajar01\AppData\Local\Pub\Cache\bin;;C:\WINDOWS\system32;C:\WINDOWS;C:\WINDOWS\System32\Wbem;C:\WINDOWS\System32\WindowsPowerShell\v1.0\;C:\WINDOWS\System32\OpenSSH\;C:\Program Files\Docker\Docker\resources\bin;C:\Users\fajar01\AppData\Local\Yarn\config\global\node_modules\.bin;C:\Users\fajar01\AppData\Roaming\Composer\vendor\bin;C:\Users\fajar01\AppData\Roaming\npm;C:\Program Files\MySQL\MySQL Shell 8.0\bin\;C:\Users\fajar01\AppData\Local\Programs\Python\Python311\Scripts\;C:\Users\fajar01\AppData\Local\Programs\Python\Python311\;C:\Users\fajar01\AppData\Local\Microsoft\WindowsApps;C:\Users\fajar01\AppData\Local\Programs\Microsoft VS Code\bin;C:\Program Files\JetBrains\PyCharm Community Edition 2023.3.3\bin;C:\Flutter\flutter\bin;C:\Users\fajar01\AppData\Roaming\nvm;C:\Program Files\nodejs;C:\Users\fajar01\AppData\Local\Pub\Cache\bin;;C:\Users\fajar01\AppData\Local\Microsoft\WindowsApps
USERNAME=fajar01
OS=Windows_NT
PROCESSOR_IDENTIFIER=Intel64 Family 6 Model 154 Stepping 3, GenuineIntel
TMP=C:\Users\fajar01\AppData\Local\Temp
TEMP=C:\Users\fajar01\AppData\Local\Temp




Periodic native trim disabled

---------------  S Y S T E M  ---------------

OS:
 Windows 11 , 64 bit Build 26100 (10.0.26100.2454)
OS uptime: 0 days 5:02 hours
Hyper-V role detected

CPU: total 16 (initial active 16) (8 cores per cpu, 2 threads per core) family 6 model 154 stepping 3 microcode 0x420, cx8, cmov, fxsr, ht, mmx, 3dnowpref, sse, sse2, sse3, ssse3, sse4.1, sse4.2, popcnt, lzcnt, tsc, tscinvbit, avx, avx2, aes, erms, clmul, bmi1, bmi2, adx, sha, fma, vzeroupper, clflush, clflushopt, clwb, hv, serialize, rdtscp, rdpid, fsrm, f16c, cet_ibt, cet_ss
Processor Information for processor 0
  Max Mhz: 3100, Current Mhz: 3100, Mhz Limit: 3100
Processor Information for processor 1
  Max Mhz: 3100, Current Mhz: 3100, Mhz Limit: 3100
Processor Information for processor 2
  Max Mhz: 3100, Current Mhz: 3100, Mhz Limit: 3100
Processor Information for processor 3
  Max Mhz: 3100, Current Mhz: 3100, Mhz Limit: 3100
Processor Information for processor 4
  Max Mhz: 3100, Current Mhz: 3100, Mhz Limit: 3100
Processor Information for processor 5
  Max Mhz: 3100, Current Mhz: 3100, Mhz Limit: 3100
Processor Information for processor 6
  Max Mhz: 3100, Current Mhz: 3100, Mhz Limit: 3100
Processor Information for processor 7
  Max Mhz: 3100, Current Mhz: 3100, Mhz Limit: 3100
Processor Information for processor 8
  Max Mhz: 3100, Current Mhz: 2232, Mhz Limit: 2232
Processor Information for processor 9
  Max Mhz: 3100, Current Mhz: 2232, Mhz Limit: 2232
Processor Information for processor 10
  Max Mhz: 3100, Current Mhz: 2232, Mhz Limit: 2232
Processor Information for processor 11
  Max Mhz: 3100, Current Mhz: 2232, Mhz Limit: 2232
Processor Information for processor 12
  Max Mhz: 3100, Current Mhz: 2232, Mhz Limit: 2232
Processor Information for processor 13
  Max Mhz: 3100, Current Mhz: 2232, Mhz Limit: 2232
Processor Information for processor 14
  Max Mhz: 3100, Current Mhz: 2232, Mhz Limit: 2232
Processor Information for processor 15
  Max Mhz: 3100, Current Mhz: 2232, Mhz Limit: 2232

Memory: 4k page, system-wide physical 16088M (2118M free)
TotalPageFile size 28888M (AvailPageFile size 2380M)
current process WorkingSet (physical memory assigned to process): 666M, peak: 683M
current process commit charge ("private bytes"): 737M, peak: 741M

vm_info: Java HotSpot(TM) 64-Bit Server VM (21.0.4+8-LTS-274) for windows-amd64 JRE (21.0.4+8-LTS-274), built on 2024-06-05T05:23:33Z by "mach5one" with MS VC++ 17.6 (VS2022)

END.
